Added Pin To Net: NetName=U1RX Pin=P2-11
Added Pin To Net: NetName=U1TX Pin=P2-12
Added Pin To Net: NetName=D8 Pin=U-GND
Added Pin To Net: NetName=D8 Pin=U-GND
Added Pin To Net: NetName=D8 Pin=U-GND
Added Pin To Net: NetName=D8 Pin=U-GND
Added Pin To Net: NetName=GND Pin=U-GND
Added Pin To Net: NetName=GND Pin=U-GND
Added Pin To Net: NetName=GND Pin=U-GND
Added Pin To Net: NetName=GND Pin=U-GND
Added Pin To Net: NetName=NetP2_10 Pin=U-RST
Added Pin To Net: NetName=NetP2_10 Pin=U-RST
Added Pin To Net: NetName=NetP2_10 Pin=U-RST
Added Pin To Net: NetName=U1RX Pin=U-RX
Added Pin To Net: NetName=U1RX Pin=U-RX
Added Pin To Net: NetName=U2RXo Pin=U-RX
Added Pin To Net: NetName=U2RXo Pin=U-RX
Added Pin To Net: NetName=U1TX Pin=U-TX
Added Pin To Net: NetName=U1TX Pin=U-TX
Added Pin To Net: NetName=U2TXo Pin=U-TX
Added Pin To Net: NetName=U2TXo Pin=U-TX
Added Pin To Net: NetName=U1EN Pin=U-VCC
Added Pin To Net: NetName=U1EN Pin=U-VCC
Added Pin To Net: NetName=U1EN Pin=U-VCC
Added Pin To Net: NetName=U2TXo Pin=U-VCC
Added Pin To Net: NetName=U2TXo Pin=U-VCC
Added Pin To Net: NetName=U2TXo Pin=U-VCC
