Removed Pin From Net: NetName=GND Pin=U?-2
Added Component: Designator=L?(LED-5MM-RED)
Add component (AddParameter): Name = "Chung_Loai"; Value = "C?m"; VariantName = "[No Variations]"
Add component (AddParameter): Name = "Don_Vi"; Value = "Con"; VariantName = "[No Variations]"
Add component (AddParameter): Name = "Ghi_Chu"; Value = ""; VariantName = "[No Variations]"
Add component (AddParameter): Name = "Kieu_Chan"; Value = ""; VariantName = "[No Variations]"
Add component (AddParameter): Name = "Ma_Hang"; Value = "MH008967"; VariantName = "[No Variations]"
Add component (AddParameter): Name = "Ten_Linh_Kien"; Value = "Led 5MM Ph? Ð? (1000c)"; VariantName = "[No Variations]"
Added Pin To Net: NetName=VCC Pin=Tn1-2
Added Pin To Net: NetName=VCCpl Pin=Tn1-3
Add Pin To Net: Unknown Pin: Pin U?-21
Added Pin To Net: NetName=GND Pin=Un1-2
Added Pin To Net: NetName=+24 Pin=Un1-5
Added Pin To Net: NetName=swpo1 Pin=Un1-6
Added Member To Class: ClassName=Sheet1 Member=Component C? JP3
Added Member To Class: ClassName=Sheet1 Member=Component C? Header4
Added Member To Class: ClassName=Sheet1 Member=Component C? JP4x2-2.0
Added Member To Class: ClassName=Sheet1 Member=Component C? JP4
Added Member To Class: ClassName=Sheet1 Member=Component L? LED 5mm
Added Member To Class: ClassName=Sheet1 Member=Component P? CON 3 EDG5.08
Added Member To Class: ClassName=Sheet1 Member=Component U? RA-02_LORA
Added Member To Class: ClassName=Sheet1 Member=Component U? SCD40-D-R2
