Remove Pin from Net: Failed to remove Pin
Added Component: Designator=C2(RAD-0.3)
Add component (AddParameter): Name = "LatestRevisionDate"; Value = "17-Jul-2002"; VariantName = "[No Variations]"
Add component (AddParameter): Name = "LatestRevisionNote"; Value = "Re-released for DXP Platform."; VariantName = "[No Variations]"
Add component (AddParameter): Name = "PackageDescription"; Value = "Radial Cap, Thru-Hole; 2 Leads; 0.3 in Pin Spacing"; VariantName = "[No Variations]"
Add component (AddParameter): Name = "PackageReference"; Value = "RAD-0.3"; VariantName = "[No Variations]"
Add component (AddParameter): Name = "Published"; Value = "8-Jun-2000"; VariantName = "[No Variations]"
Add component (AddParameter): Name = "Publisher"; Value = "Altium Limited"; VariantName = "[No Variations]"
Add component (AddParameter): Name = "Value"; Value = "100pF"; VariantName = "[No Variations]"
Added Component: Designator=C3(RAD-0.3)
Add component (AddParameter): Name = "LatestRevisionDate"; Value = "17-Jul-2002"; VariantName = "[No Variations]"
Add component (AddParameter): Name = "LatestRevisionNote"; Value = "Re-released for DXP Platform."; VariantName = "[No Variations]"
Add component (AddParameter): Name = "PackageDescription"; Value = "Radial Cap, Thru-Hole; 2 Leads; 0.3 in Pin Spacing"; VariantName = "[No Variations]"
Add component (AddParameter): Name = "PackageReference"; Value = "RAD-0.3"; VariantName = "[No Variations]"
Add component (AddParameter): Name = "Published"; Value = "8-Jun-2000"; VariantName = "[No Variations]"
Add component (AddParameter): Name = "Publisher"; Value = "Altium Limited"; VariantName = "[No Variations]"
Add component (AddParameter): Name = "Value"; Value = "100pF"; VariantName = "[No Variations]"
Add Component: Footprint Not Found 0805
Add Component: Footprint Not Found 0805
Add Component: Footprint Not Found Sma
Added Component: Designator=L1(0402-A)
Add component (AddParameter): Name = "Code_IEC"; Value = "1005"; VariantName = "[No Variations]"
Add component (AddParameter): Name = "Code_JEITA"; Value = "0402"; VariantName = "[No Variations]"
Add component (AddParameter): Name = "LatestRevisionDate"; Value = "29-May-2009"; VariantName = "[No Variations]"
Add component (AddParameter): Name = "LatestRevisionNote"; Value = "IPC-7351 Footprint Added."; VariantName = "[No Variations]"
Add component (AddParameter): Name = "PackageDescription"; Value = "Chip Inductor"; VariantName = "[No Variations]"
Add component (AddParameter): Name = "PackageReference"; Value = "0402-A"; VariantName = "[No Variations]"
Add component (AddParameter): Name = "Published"; Value = "8-Jun-2000"; VariantName = "[No Variations]"
Add component (AddParameter): Name = "Publisher"; Value = "Altium Limited"; VariantName = "[No Variations]"
Add component (AddParameter): Name = "Value"; Value = "10mH"; VariantName = "[No Variations]"
Add Component: Footprint Not Found 0805c
Add Component: Footprint Not Found 0805c
Add Component: Footprint Not Found 0805c
Add Component: Footprint Not Found 0805c
Add Component: Footprint Not Found 0805c
Add Component: Footprint Not Found 0805c
Add Component: Footprint Not Found 0805c
Added Pin To Net: NetName=swpo1 Pin=C2-2
Added Pin To Net: NetName=VCC Pin=C3-2
Add Pin To Net: Unknown Pin: Pin Cn1-1
Add Pin To Net: Unknown Pin: Pin Cn1-2
Add Pin To Net: Unknown Pin: Pin Cn?-1
Add Pin To Net: Unknown Pin: Pin Cn?-2
Add Pin To Net: Unknown Pin: Pin Dnb1-1
Add Pin To Net: Unknown Pin: Pin Dnb1-2
Added Pin To Net: NetName=swpo1 Pin=L1-1
Add Pin To Net: Unknown Pin: Pin R1-1
Add Pin To Net: Unknown Pin: Pin R1-2
Add Pin To Net: Unknown Pin: Pin R2-1
Add Pin To Net: Unknown Pin: Pin R2-2
Add Pin To Net: Unknown Pin: Pin R3-1
Add Pin To Net: Unknown Pin: Pin R4-1
Add Pin To Net: Unknown Pin: Pin R5-1
Add Pin To Net: Unknown Pin: Pin Rn1-1
Add Pin To Net: Unknown Pin: Pin Rn1-2
Add Pin To Net: Unknown Pin: Pin Rn2-1
Add Pin To Net: Unknown Pin: Pin Rn2-2
Add Pin To Net: Unknown Pin: Pin U?-21
Added Pin To Net: NetName=NetC2_1 Pin=C2-1
Added Pin To Net: NetName=NetC2_1 Pin=Un1-1
Added Net: Name=NetC2_1
Added Pin To Net: NetName=NetC3_1 Pin=C3-1
Added Pin To Net: NetName=NetC3_1 Pin=Un1-3
Added Net: Name=NetC3_1
Added Member To Class: ClassName=Sheet1 Member=Component C2 Cap
Added Member To Class: ClassName=Sheet1 Member=Component C3 Cap
Added Member To Class: ClassName=Sheet1 Member=Component C? JP4
Added Member To Class: ClassName=Sheet1 Member=Component C? JP3
Added Member To Class: ClassName=Sheet1 Member=Component C? Header4
Add Class Member: Failed to add class member : Component Cn1 CAP
Add Class Member: Failed to add class member : Component Cn? CAP
Add Class Member: Failed to add class member : Component Dnb1 Diode
Added Member To Class: ClassName=Sheet1 Member=Component L1 Inductor
Add Class Member: Failed to add class member : Component R1 Res1
Add Class Member: Failed to add class member : Component R2 Res1
Add Class Member: Failed to add class member : Component R3 Res1
Add Class Member: Failed to add class member : Component R4 Res1
Add Class Member: Failed to add class member : Component R5 Res1
Add Class Member: Failed to add class member : Component Rn1 10k
Add Class Member: Failed to add class member : Component Rn2 1k
Added Member To Class: ClassName=Sheet1 Member=Component U? SCD40-D-R2
Added Member To Class: ClassName=Sheet1 Member=Component U? RA-02_LORA
