Change Component Footprint: Designator=Cha1 Old Footprint=tu tantalum dip5.08 New Footprint=Cap 0805
Change Component Footprint: Designator=Cha2 Old Footprint=tu tantalum smd3216 New Footprint=Cap 0805
Change Component Comment : Designator=Cha2 Old Comment=33uF New Comment=0.33uF
Change component parameters: Designator = "Cha1" ("Cha1"); Footprint = "tu tantalum dip5.08"; UniqueID = "\HKTPJMSN" ("\HKTPJMSN")
Change component parameters: Designator = "Cha2" ("Cha2"); Footprint = "tu tantalum smd3216"; UniqueID = "\ZFHOLULM" ("\ZFHOLULM")
Added Component: Designator=Ca2(Cap 0805)
Added Component: Designator=Ca3(Cap 0805)
Added Component: Designator=Ca4(Cap 0805)
Added Component: Designator=Ca5(Cap 0805)
Added Component: Designator=Ca6(Cap 0805)
Added Component: Designator=Ca7(Cap 0805)
Added Component: Designator=Ca8(Cap 0805)
Added Component: Designator=Ca9(Cap 0805)
Added Component: Designator=Cn16(1206e)
Added Pin To Net: NetName=VCCpl Pin=Ca2-1
Added Pin To Net: NetName=GND Pin=Ca2-2
Added Pin To Net: NetName=VCC5 Pin=Ca3-1
Added Pin To Net: NetName=GND Pin=Ca3-2
Added Pin To Net: NetName=VCCpl Pin=Ca4-1
Added Pin To Net: NetName=GND Pin=Ca4-2
Added Pin To Net: NetName=VCCpl Pin=Ca5-1
Added Pin To Net: NetName=GND Pin=Ca5-2
Added Pin To Net: NetName=VCCpl Pin=Ca6-1
Added Pin To Net: NetName=GND Pin=Ca6-2
Added Pin To Net: NetName=VCCpl Pin=Ca7-1
Added Pin To Net: NetName=GND Pin=Ca7-2
Added Pin To Net: NetName=VCC5 Pin=Ca8-1
Added Pin To Net: NetName=GND Pin=Ca8-2
Added Pin To Net: NetName=VCC5 Pin=Ca9-1
Added Pin To Net: NetName=GND Pin=Ca9-2
Added Pin To Net: NetName=+24 Pin=Cn16-1
Added Pin To Net: NetName=GND Pin=Cn16-2
Added Member To Class: ClassName=Sheet1 Member=Component Ca2 CAP
Added Member To Class: ClassName=Sheet1 Member=Component Ca3 CAP
Added Member To Class: ClassName=Sheet1 Member=Component Ca4 CAP
Added Member To Class: ClassName=Sheet1 Member=Component Ca5 CAP
Added Member To Class: ClassName=Sheet1 Member=Component Ca6 CAP
Added Member To Class: ClassName=Sheet1 Member=Component Ca7 CAP
Added Member To Class: ClassName=Sheet1 Member=Component Ca8 CAP
Added Member To Class: ClassName=Sheet1 Member=Component Ca9 CAP
Added Member To Class: ClassName=Sheet1 Member=Component Cn16 CAP
