Change Component Designator: OldDesignator=D? NewDesignator=LED3
Change Component Designator: OldDesignator=RL? NewDesignator=RL1
Added Pin To Net: NetName=D8 Pin=ARDUINO_MINI_PRO-GND
Added Pin To Net: NetName=D8 Pin=ARDUINO_MINI_PRO-GND
Added Pin To Net: NetName=D8 Pin=ARDUINO_MINI_PRO-GND
Added Pin To Net: NetName=D8 Pin=ARDUINO_MINI_PRO-GND
Added Pin To Net: NetName=D8 Pin=ARDUINO_MINI_PRO-GND
Added Pin To Net: NetName=NetARDUINO_MINI_PRO_GND Pin=ARDUINO_MINI_PRO-GND
Added Pin To Net: NetName=NetARDUINO_MINI_PRO_GND Pin=ARDUINO_MINI_PRO-GND
Added Pin To Net: NetName=NetARDUINO_MINI_PRO_GND Pin=ARDUINO_MINI_PRO-GND
Added Pin To Net: NetName=NetARDUINO_MINI_PRO_GND Pin=ARDUINO_MINI_PRO-GND
Added Pin To Net: NetName=NetARDUINO_MINI_PRO_GND Pin=ARDUINO_MINI_PRO-GND
Added Pin To Net: NetName=NetARDUINO_MINI_PRO_RST Pin=ARDUINO_MINI_PRO-RST
Added Pin To Net: NetName=NetARDUINO_MINI_PRO_RST Pin=ARDUINO_MINI_PRO-RST
Added Pin To Net: NetName=U2RXo Pin=ARDUINO_MINI_PRO-RX
Added Pin To Net: NetName=U2RXo Pin=ARDUINO_MINI_PRO-RX
Added Pin To Net: NetName=U2TXo Pin=ARDUINO_MINI_PRO-TX
Added Pin To Net: NetName=U2TXo Pin=ARDUINO_MINI_PRO-TX
Added Pin To Net: NetName=NetARDUINO_MINI_PRO_VCC Pin=ARDUINO_MINI_PRO-VCC
Added Pin To Net: NetName=NetARDUINO_MINI_PRO_VCC Pin=ARDUINO_MINI_PRO-VCC
Added Pin To Net: NetName=U2TXo Pin=ARDUINO_MINI_PRO-VCC
Added Pin To Net: NetName=U2TXo Pin=ARDUINO_MINI_PRO-VCC
Change Net Name : Old Net Name=NetD?_1 New Net Name=NetLED3_1
Added Room: Name=Sheet1
