Removed Pin From Net: NetName=VCC Pin=Cn1-1
Removed Pin From Net: NetName=GND Pin=Cn1-2
Change Component Footprint: Designator=Cn1 Old Footprint=Cap 0805 New Footprint=0805c
Change component parameters: Designator = "Cn1" ("Cn1"); Footprint = "Cap 0805"; UniqueID = "\IWQNFNCB" ("\IWQNFNCB")
Change component parameters (AddParameter): Name = "LatestRevisionDate"; Value = "17-Jul-2002"; VariantName = "[No Variations]"
Change component parameters (AddParameter): Name = "LatestRevisionNote"; Value = "Re-released for DXP Platform."; VariantName = "[No Variations]"
Change component parameters (AddParameter): Name = "PackageReference"; Value = "RAD-0.3"; VariantName = "[No Variations]"
Change component parameters (AddParameter): Name = "Published"; Value = "8-Jun-2000"; VariantName = "[No Variations]"
Change component parameters (AddParameter): Name = "Publisher"; Value = "Altium Limited"; VariantName = "[No Variations]"
Change component parameters (AddParameter): Name = "Value"; Value = ""; VariantName = "[No Variations]"
Added Pin To Net: NetName=GND Pin=Cn1-1
Added Pin To Net: NetName=VCC Pin=Cn1-2
Added Pin To Net: NetName=D8 Pin=U-GND
Added Pin To Net: NetName=D8 Pin=U-GND
Added Pin To Net: NetName=D8 Pin=U-GND
Added Pin To Net: NetName=D8 Pin=U-GND
Added Pin To Net: NetName=NetP2_9 Pin=U-GND
Added Pin To Net: NetName=NetP2_9 Pin=U-GND
Added Pin To Net: NetName=NetP2_9 Pin=U-GND
Added Pin To Net: NetName=NetP2_9 Pin=U-GND
Added Pin To Net: NetName=D7 Pin=U-RST
Added Pin To Net: NetName=D7 Pin=U-RST
Added Pin To Net: NetName=D7 Pin=U-RST
Added Pin To Net: NetName=U1RX Pin=U-RX
Added Pin To Net: NetName=U1RX Pin=U-RX
Added Pin To Net: NetName=U1TX Pin=U-TX
Added Pin To Net: NetName=U1TX Pin=U-TX
Added Pin To Net: NetName=U1EN Pin=U-VCC
Added Pin To Net: NetName=U1EN Pin=U-VCC
Added Pin To Net: NetName=U1EN Pin=U-VCC
Added Pin To Net: NetName=U2TXo Pin=U-VCC
Added Pin To Net: NetName=U2TXo Pin=U-VCC
Added Pin To Net: NetName=U2TXo Pin=U-VCC
