Change Component Designator: OldDesignator=JP? NewDesignator=JPas
Change Component Designator: OldDesignator=JP? NewDesignator=JPsc
Added Pin To Net: NetName=GND Pin=ARDUINO_MINI_PRO-GND
Added Pin To Net: NetName=GND Pin=ARDUINO_MINI_PRO-GND
Added Pin To Net: NetName=GND Pin=ARDUINO_MINI_PRO-GND
Added Pin To Net: NetName=GND Pin=ARDUINO_MINI_PRO-GND
Added Pin To Net: NetName=GND Pin=ARDUINO_MINI_PRO-GND
Added Pin To Net: NetName=NetARDUINO_MINI_PRO_RST Pin=ARDUINO_MINI_PRO-RST
Added Pin To Net: NetName=NetARDUINO_MINI_PRO_RST Pin=ARDUINO_MINI_PRO-RST
Added Pin To Net: NetName=U1RX Pin=ARDUINO_MINI_PRO-RX
Added Pin To Net: NetName=U1RX Pin=ARDUINO_MINI_PRO-RX
Added Pin To Net: NetName=U1TX Pin=ARDUINO_MINI_PRO-TX
Added Pin To Net: NetName=U1TX Pin=ARDUINO_MINI_PRO-TX
Added Pin To Net: NetName=NetARDUINO_MINI_PRO_VCC Pin=ARDUINO_MINI_PRO-VCC
Added Pin To Net: NetName=NetARDUINO_MINI_PRO_VCC Pin=ARDUINO_MINI_PRO-VCC
Added Pin To Net: NetName=NSS Pin=ARDUINO_MINI_PRO-VCC
Added Pin To Net: NetName=NSS Pin=ARDUINO_MINI_PRO-VCC
Add Net: Net with name "NetARDUINO_MINI_PRO_GND" already exists
Added Member To Class: ClassName=Sheet1 Member=Component JPsc JP 1x4 2.54
Added Room: Name=Sheet1
