Removed Pin From Net: NetName=GND Pin=P1-1
Removed Pin From Net: NetName=VCC Pin=P1-2
Removed Pin From Net: NetName=U1TX Pin=P1-3
Removed Pin From Net: NetName=U1RX Pin=P1-4
Removed Pin From Net: NetName=OUT Pin=P2-1
Removed Pin From Net: NetName=TX Pin=P2-2
Removed Pin From Net: NetName=SDA Pin=P2-3
Removed Pin From Net: NetName=SCL Pin=P2-4
Removed Pin From Net: NetName=RL Pin=P2-5
Removed Pin From Net: NetName=Po Pin=P2-6
Removed Pin From Net: NetName=A Pin=P2-7
Removed Pin From Net: NetName=INT Pin=P2-8
Removed Pin From Net: NetName=PowEn3 Pin=P2-9
Removed Member From Class: ClassName=Sheet1 Member=P1
Change Component Designator: OldDesignator=  NewDesignator=P1
Change Component Designator: OldDesignator=P? NewDesignator=P2
Change Component Designator: OldDesignator=P? NewDesignator=P3
Added Component: Designator=P5(HDR1X4)
Add component (AddParameter): Name = "LatestRevisionDate"; Value = "17-Jul-2002"; VariantName = "[No Variations]"
Add component (AddParameter): Name = "LatestRevisionNote"; Value = "Re-released for DXP Platform."; VariantName = "[No Variations]"
Add component (AddParameter): Name = "Publisher"; Value = "Altium Limited"; VariantName = "[No Variations]"
Added Pin To Net: NetName=GND Pin=P2-2
Added Pin To Net: NetName=RL Pin=P2-3
Added Pin To Net: NetName=PowEn3 Pin=P2-5
Added Pin To Net: NetName=INT Pin=P2-6
Added Pin To Net: NetName=A Pin=P2-7
Added Pin To Net: NetName=Po Pin=P2-8
Added Pin To Net: NetName=SCK Pin=P2-9
Added Pin To Net: NetName=MISO Pin=P2-10
Added Pin To Net: NetName=MOSI Pin=P2-11
Added Pin To Net: NetName=NSS Pin=P2-12
Added Pin To Net: NetName=U1TX Pin=P3-2
Added Pin To Net: NetName=U1RX Pin=P3-3
Added Pin To Net: NetName=VCC Pin=P3-4
Added Pin To Net: NetName=GND Pin=P3-5
Added Pin To Net: NetName=GND Pin=P3-6
Added Pin To Net: NetName=OUT Pin=P5-1
Added Pin To Net: NetName=TX Pin=P5-2
Added Pin To Net: NetName=SDA Pin=P5-3
Added Pin To Net: NetName=SCL Pin=P5-4
Added Pin To Net: NetName=DTR Pin=P3-1
Added Pin To Net: NetName=DTR Pin=U1-JP1_1
Added Net: Name=DTR
Added Pin To Net: NetName=RAW Pin=P2-1
Added Pin To Net: NetName=RAW Pin=U1-JP6_1
Added Net: Name=RAW
Added Pin To Net: NetName=VCC1 Pin=P2-4
Added Pin To Net: NetName=VCC1 Pin=U1-JP6_4
Added Net: Name=VCC1
Added Member To Class: ClassName=Sheet1 Member=Component P5 Header 4
