Added Pin To Net: NetName=D8 Pin=U-GND
Added Pin To Net: NetName=D8 Pin=U-GND
Added Pin To Net: NetName=D8 Pin=U-GND
Added Pin To Net: NetName=D8 Pin=U-GND
Added Pin To Net: NetName=NetP2_9 Pin=U-GND
Added Pin To Net: NetName=NetP2_9 Pin=U-GND
Added Pin To Net: NetName=NetP2_9 Pin=U-GND
Added Pin To Net: NetName=NetP2_9 Pin=U-GND
Added Pin To Net: NetName=NetP3_5 Pin=U-GND
Added Pin To Net: NetName=NetP3_5 Pin=U-GND
Added Pin To Net: NetName=NetP3_5 Pin=U-GND
Added Pin To Net: NetName=NetP3_5 Pin=U-GND
Added Pin To Net: NetName=NetP3_6 Pin=U-GND
Added Pin To Net: NetName=NetP3_6 Pin=U-GND
Added Pin To Net: NetName=NetP3_6 Pin=U-GND
Added Pin To Net: NetName=NetP3_6 Pin=U-GND
Added Pin To Net: NetName=NetP2_10 Pin=U-RST
Added Pin To Net: NetName=NetP2_10 Pin=U-RST
Added Pin To Net: NetName=NetP2_10 Pin=U-RST
Added Pin To Net: NetName=NetP3_3 Pin=U-RX
Added Pin To Net: NetName=NetP3_3 Pin=U-RX
Added Pin To Net: NetName=NetP3_2 Pin=U-TX
Added Pin To Net: NetName=NetP3_2 Pin=U-TX
Added Pin To Net: NetName=NetP3_4 Pin=U-VCC
Added Pin To Net: NetName=NetP3_4 Pin=U-VCC
Added Pin To Net: NetName=NetP3_4 Pin=U-VCC
Added Pin To Net: NetName=U1EN Pin=U-VCC
Added Pin To Net: NetName=U1EN Pin=U-VCC
Added Pin To Net: NetName=U1EN Pin=U-VCC
