Added Component: Designator=Rp1(tro smd 2512)
Add component (AddParameter): Name = "Chung_Loai"; Value = "Dán"; VariantName = "[No Variations]"
Add component (AddParameter): Name = "Don_Vi"; Value = "Con"; VariantName = "[No Variations]"
Add component (AddParameter): Name = "Kieu_Chan"; Value = ""; VariantName = "[No Variations]"
Add component (AddParameter): Name = "Ma_Hang"; Value = "MH003439"; VariantName = "[No Variations]"
Add component (AddParameter): Name = "So_Chan"; Value = "2"; VariantName = "[No Variations]"
Add component (AddParameter): Name = "Ten_Linh_Kien"; Value = "Tr? 2512 5% 103-10k 1W"; VariantName = "[No Variations]"
Added Component: Designator=Rp(tro smd 2512)
Add component (AddParameter): Name = "Chung_Loai"; Value = "Dán"; VariantName = "[No Variations]"
Add component (AddParameter): Name = "Don_Vi"; Value = "Con"; VariantName = "[No Variations]"
Add component (AddParameter): Name = "Kieu_Chan"; Value = ""; VariantName = "[No Variations]"
Add component (AddParameter): Name = "Ma_Hang"; Value = "MH003439"; VariantName = "[No Variations]"
Add component (AddParameter): Name = "So_Chan"; Value = "2"; VariantName = "[No Variations]"
Add component (AddParameter): Name = "Ten_Linh_Kien"; Value = "Tr? 2512 5% 103-10k 1W"; VariantName = "[No Variations]"
Added Pin To Net: NetName=GND Pin=U?-6
Added Pin To Net: NetName=GND Pin=U?-20
Added Pin To Net: NetName=GND Pin=U?-21
Added Net: Name=GND
Added Pin To Net: NetName=SCL Pin=Rp-1
Added Pin To Net: NetName=SCL Pin=U?-9
Added Net: Name=SCL
Added Pin To Net: NetName=SDA Pin=Rp1-1
Added Pin To Net: NetName=SDA Pin=U?-10
Added Net: Name=SDA
Added Pin To Net: NetName=VCC Pin=Rp-2
Added Pin To Net: NetName=VCC Pin=Rp1-2
Added Pin To Net: NetName=VCC Pin=U?-7
Added Pin To Net: NetName=VCC Pin=U?-19
Added Net: Name=VCC
Added Member To Class: ClassName=Sheet1 Member=Component Rp1 10k
Added Member To Class: ClassName=Sheet1 Member=Component Rp 10k
Added Member To Class: ClassName=Sheet1 Member=Component U? Arduino Uno
