Removed Pin From Net: NetName=U2TXo Pin=Pu2-2
Removed Pin From Net: NetName=U2RXo Pin=Pu2-3
Removed Pin From Net: NetName=PowEn2 Pin=Pu2-5
Removed Pin From Net: NetName=PowEn1 Pin=Pu2-6
Change Component Footprint: Designator=Pu2 Old Footprint=HDR1X8 New Footprint=HDR1X12
Change Component Comment : Designator=Pu2 Old Comment=Header 8 New Comment=Header 12
Added Component: Designator=P?(HDR1X12)
Add component (AddParameter): Name = "LatestRevisionDate"; Value = "17-Jul-2002"; VariantName = "[No Variations]"
Add component (AddParameter): Name = "LatestRevisionNote"; Value = "Re-released for DXP Platform."; VariantName = "[No Variations]"
Add component (AddParameter): Name = "Publisher"; Value = "Altium Limited"; VariantName = "[No Variations]"
Added Pin To Net: NetName=RST Pin=Pu2-1
Added Pin To Net: NetName=PowEn1 Pin=Pu2-5
Added Pin To Net: NetName=PowEn2 Pin=Pu2-6
Added Pin To Net: NetName=U2ENo Pin=Pu2-7
Added Pin To Net: NetName=DIO0 Pin=Pu2-8
Added Pin To Net: NetName=GND Pin=Pu2-9
Added Pin To Net: NetName=U2RXo Pin=Pu2-11
Added Pin To Net: NetName=U2TXo Pin=Pu2-12
Added Pin To Net: NetName=D7 Pin=Pu2-3
Added Pin To Net: NetName=D7 Pin=U1-JP7_3
Added Net: Name=D7
Added Pin To Net: NetName=D8 Pin=Pu2-2
Added Pin To Net: NetName=D8 Pin=U1-JP7_2
Added Net: Name=D8
Added Pin To Net: NetName=RST2 Pin=Pu2-10
Added Pin To Net: NetName=RST2 Pin=U1-JP7_10
Added Net: Name=RST2
Added Member To Class: ClassName=Sheet1 Member=Component Ltr1 LED 3mm
Added Member To Class: ClassName=Sheet1 Member=Component P? Header 12
Added Member To Class: ClassName=Sheet1 Member=Component Rre? Res1
