Removed Pin From Net: NetName=U2TXo Pin=ARDUINO_MINI_PRO-2
Removed Pin From Net: NetName=U2RXo Pin=ARDUINO_MINI_PRO-3
Removed Pin From Net: NetName=U2ENo Pin=ARDUINO_MINI_PRO-4
Removed Pin From Net: NetName=U1RX Pin=ARDUINO_MINI_PRO-RX
Removed Pin From Net: NetName=U1RX Pin=ARDUINO_MINI_PRO-RX
Removed Pin From Net: NetName=U1TX Pin=ARDUINO_MINI_PRO-TX
Removed Pin From Net: NetName=U1TX Pin=ARDUINO_MINI_PRO-TX
Removed Pin From Net: NetName=U2ENo Pin=P2-6
Removed Pin From Net: NetName=U2RXo Pin=P2-7
Removed Pin From Net: NetName=U2TXo Pin=P2-8
Removed Pin From Net: NetName=U1EN Pin=P2-10
Removed Pin From Net: NetName=U1RX Pin=P2-11
Removed Pin From Net: NetName=U1TX Pin=P2-12
Added Pin To Net: NetName=U1TX Pin=ARDUINO_MINI_PRO-2
Added Pin To Net: NetName=U1EN Pin=ARDUINO_MINI_PRO-3
Added Pin To Net: NetName=U1RX Pin=ARDUINO_MINI_PRO-4
Added Pin To Net: NetName=NetARDUINO_MINI_PRO_GND Pin=ARDUINO_MINI_PRO-GND
Added Pin To Net: NetName=NetARDUINO_MINI_PRO_GND Pin=ARDUINO_MINI_PRO-GND
Added Pin To Net: NetName=NetARDUINO_MINI_PRO_GND Pin=ARDUINO_MINI_PRO-GND
Added Pin To Net: NetName=NetARDUINO_MINI_PRO_GND Pin=ARDUINO_MINI_PRO-GND
Added Pin To Net: NetName=NetARDUINO_MINI_PRO_GND Pin=ARDUINO_MINI_PRO-GND
Added Pin To Net: NetName=U2RXo Pin=ARDUINO_MINI_PRO-RST
Added Pin To Net: NetName=U2RXo Pin=ARDUINO_MINI_PRO-RST
Added Pin To Net: NetName=NetARDUINO_MINI_PRO_RX Pin=ARDUINO_MINI_PRO-RX
Added Pin To Net: NetName=NetARDUINO_MINI_PRO_RX Pin=ARDUINO_MINI_PRO-RX
Added Pin To Net: NetName=U2ENo Pin=ARDUINO_MINI_PRO-RX
Added Pin To Net: NetName=U2ENo Pin=ARDUINO_MINI_PRO-RX
Added Pin To Net: NetName=NetARDUINO_MINI_PRO_TX Pin=ARDUINO_MINI_PRO-TX
Added Pin To Net: NetName=NetARDUINO_MINI_PRO_TX Pin=ARDUINO_MINI_PRO-TX
Added Pin To Net: NetName=U2TXo Pin=ARDUINO_MINI_PRO-TX
Added Pin To Net: NetName=U2TXo Pin=ARDUINO_MINI_PRO-TX
Added Pin To Net: NetName=NetARDUINO_MINI_PRO_VCC Pin=ARDUINO_MINI_PRO-VCC
Added Pin To Net: NetName=NetARDUINO_MINI_PRO_VCC Pin=ARDUINO_MINI_PRO-VCC
Added Pin To Net: NetName=PowEn3 Pin=ARDUINO_MINI_PRO-VCC
Added Pin To Net: NetName=PowEn3 Pin=ARDUINO_MINI_PRO-VCC
Added Pin To Net: NetName=U1RX Pin=P2-6
Added Pin To Net: NetName=U1EN Pin=P2-7
Added Pin To Net: NetName=U1TX Pin=P2-8
Added Pin To Net: NetName=U2RXo Pin=P2-10
Added Pin To Net: NetName=U2ENo Pin=P2-11
Added Pin To Net: NetName=U2TXo Pin=P2-12
Add Net: Net with name "NetARDUINO_MINI_PRO_GND" already exists
Added Room: Name=Sheet1
