Removed Pin From Net: NetName=VCCpl Pin=Jas-1
Removed Pin From Net: NetName=GND Pin=Jas-2
Removed Pin From Net: NetName=SCL Pin=Jas-3
Removed Pin From Net: NetName=SDA Pin=Jas-4
Removed Pin From Net: NetName=INT Pin=Jas-5
Removed Pin From Net: NetName=VCC5 Pin=Jph-1
Removed Pin From Net: NetName=GND Pin=Jph-2
Removed Pin From Net: NetName=GND Pin=Jph-3
Removed Pin From Net: NetName=Po Pin=Jph-4
Removed Pin From Net: NetName=GND Pin=Jscd-1
Removed Pin From Net: NetName=VCCpl Pin=Jscd-2
Removed Pin From Net: NetName=SCL Pin=Jscd-3
Removed Pin From Net: NetName=SDA Pin=Jscd-4
Removed Pin From Net: NetName=VCC5 Pin=Jtds-1
Removed Pin From Net: NetName=GND Pin=Jtds-2
Removed Pin From Net: NetName=A Pin=Jtds-3
Removed Member From Class: ClassName=Sheet1 Member=Jas
Removed Member From Class: ClassName=Sheet1 Member=Jph
Removed Member From Class: ClassName=Sheet1 Member=Jscd
Removed Member From Class: ClassName=Sheet1 Member=Jtds
Added Component: Designator=H1(XH2.54M-3)
Add component (AddParameter): Name = "Chung_Loai"; Value = "C?m"; VariantName = "[No Variations]"
Add component (AddParameter): Name = "Don_Vi"; Value = "Con"; VariantName = "[No Variations]"
Add component (AddParameter): Name = "Ghi_Chu"; Value = ""; VariantName = "[No Variations]"
Add component (AddParameter): Name = "Kieu_Chan"; Value = ""; VariantName = "[No Variations]"
Add component (AddParameter): Name = "Ma_Hang"; Value = "MH001292"; VariantName = "[No Variations]"
Add component (AddParameter): Name = "Ten_Linh_Kien"; Value = "Header 3P XH2.54-3P –?c Th?ng"; VariantName = "[No Variations]"
Added Component: Designator=H2(XH2.54M-6)
Add component (AddParameter): Name = "Chung_Loai"; Value = "C?m"; VariantName = "[No Variations]"
Add component (AddParameter): Name = "Don_Vi"; Value = "Con"; VariantName = "[No Variations]"
Add component (AddParameter): Name = "Ghi_Chu"; Value = ""; VariantName = "[No Variations]"
Add component (AddParameter): Name = "Kieu_Chan"; Value = ""; VariantName = "[No Variations]"
Add component (AddParameter): Name = "Ma_Hang"; Value = "MH001972"; VariantName = "[No Variations]"
Add component (AddParameter): Name = "Ten_Linh_Kien"; Value = "Header 6P XH2.54-6P –?c Th?ng"; VariantName = "[No Variations]"
Added Component: Designator=H3(XH2.54M-5)
Add component (AddParameter): Name = "Chung_Loai"; Value = "C?m"; VariantName = "[No Variations]"
Add component (AddParameter): Name = "Don_Vi"; Value = "Con"; VariantName = "[No Variations]"
Add component (AddParameter): Name = "Ghi_Chu"; Value = ""; VariantName = "[No Variations]"
Add component (AddParameter): Name = "Kieu_Chan"; Value = ""; VariantName = "[No Variations]"
Add component (AddParameter): Name = "Ma_Hang"; Value = "MH001298"; VariantName = "[No Variations]"
Add component (AddParameter): Name = "Ten_Linh_Kien"; Value = "Header 5P XH2.54-5P –?c Th?ng"; VariantName = "[No Variations]"
Added Component: Designator=H4(XH2.54M-4)
Add component (AddParameter): Name = "Chung_Loai"; Value = "C?m"; VariantName = "[No Variations]"
Add component (AddParameter): Name = "Don_Vi"; Value = "Con"; VariantName = "[No Variations]"
Add component (AddParameter): Name = "Ghi_Chu"; Value = ""; VariantName = "[No Variations]"
Add component (AddParameter): Name = "Kieu_Chan"; Value = ""; VariantName = "[No Variations]"
Add component (AddParameter): Name = "Ma_Hang"; Value = "MH001285"; VariantName = "[No Variations]"
Add component (AddParameter): Name = "Ten_Linh_Kien"; Value = "Header 4P XH2.54-4P –?c Th?ng"; VariantName = "[No Variations]"
Added Component: Designator=JP?(JP 1x3 CT)
Add component (AddParameter): Name = "Chung_Loai"; Value = "C?m"; VariantName = "[No Variations]"
Add component (AddParameter): Name = "Don_Vi"; Value = "Con"; VariantName = "[No Variations]"
Add component (AddParameter): Name = "Ghi_Chu"; Value = ""; VariantName = "[No Variations]"
Add component (AddParameter): Name = "Kieu_Chan"; Value = ""; VariantName = "[No Variations]"
Add component (AddParameter): Name = "Ma_Hang"; Value = "MH004006"; VariantName = "[No Variations]"
Add component (AddParameter): Name = "Ten_Linh_Kien"; Value = "Jump –on C·i 2.54MM 1x20P Th?ng"; VariantName = "[No Variations]"
Added Pin To Net: NetName=VCC5 Pin=H1-1
Added Pin To Net: NetName=GND Pin=H1-2
Added Pin To Net: NetName=A Pin=H1-3
Added Pin To Net: NetName=VCC5 Pin=H2-1
Added Pin To Net: NetName=GND Pin=H2-2
Added Pin To Net: NetName=GND Pin=H2-3
Added Pin To Net: NetName=Po Pin=H2-4
Added Pin To Net: NetName=VCCpl Pin=H3-1
Added Pin To Net: NetName=GND Pin=H3-2
Added Pin To Net: NetName=SCL Pin=H3-3
Added Pin To Net: NetName=SDA Pin=H3-4
Added Pin To Net: NetName=INT Pin=H3-5
Added Pin To Net: NetName=GND Pin=H4-1
Added Pin To Net: NetName=VCCpl Pin=H4-2
Added Pin To Net: NetName=SCL Pin=H4-3
Added Pin To Net: NetName=SDA Pin=H4-4
Added Pin To Net: NetName=OUT Pin=JP?-1
Added Pin To Net: NetName=GND Pin=JP?-2
Added Pin To Net: NetName=VCCpl Pin=JP?-3
Added Member To Class: ClassName=Sheet1 Member=Component H1 Header 3P 2.54 Duc Thang
Added Member To Class: ClassName=Sheet1 Member=Component H2 Header 6P 2.54 Duc Thang
Added Member To Class: ClassName=Sheet1 Member=Component H3 Header 5P 2.54 Duc Thang
Added Member To Class: ClassName=Sheet1 Member=Component H4 Header 4P 2.54 Duc Thang
Added Member To Class: ClassName=Sheet1 Member=Component JP? JP 1x3 2.54
