Removed Pin From Net: NetName=DTR Pin=U1-JP1_1
Removed Pin From Net: NetName=U1TX Pin=U1-JP1_2
Removed Pin From Net: NetName=U1RX Pin=U1-JP1_3
Removed Pin From Net: NetName=VCC Pin=U1-JP1_4
Removed Pin From Net: NetName=GND Pin=U1-JP1_5
Removed Pin From Net: NetName=GND Pin=U1-JP1_6
Removed Pin From Net: NetName=SDA Pin=U1-JP2_1
Removed Pin From Net: NetName=SCL Pin=U1-JP2_2
Removed Pin From Net: NetName=OUT Pin=U1-JP3_1
Removed Pin From Net: NetName=GND Pin=U1-JP6_2
Removed Pin From Net: NetName=RL Pin=U1-JP6_3
Removed Pin From Net: NetName=PowEn3 Pin=U1-JP6_5
Removed Pin From Net: NetName=INT Pin=U1-JP6_6
Removed Pin From Net: NetName=A Pin=U1-JP6_7
Removed Pin From Net: NetName=Po Pin=U1-JP6_8
Removed Pin From Net: NetName=SCK Pin=U1-JP6_9
Removed Pin From Net: NetName=MISO Pin=U1-JP6_10
Removed Pin From Net: NetName=MOSI Pin=U1-JP6_11
Removed Pin From Net: NetName=NSS Pin=U1-JP6_12
Removed Pin From Net: NetName=RST Pin=U1-JP7_1
Removed Pin From Net: NetName=D8 Pin=U1-JP7_2
Removed Pin From Net: NetName=D7 Pin=U1-JP7_3
Removed Pin From Net: NetName=U1EN Pin=U1-JP7_4
Removed Pin From Net: NetName=PowEn1 Pin=U1-JP7_5
Removed Pin From Net: NetName=PowEn2 Pin=U1-JP7_6
Removed Pin From Net: NetName=U2ENo Pin=U1-JP7_7
Removed Pin From Net: NetName=DIO0 Pin=U1-JP7_8
Removed Pin From Net: NetName=GND Pin=U1-JP7_9
Removed Pin From Net: NetName=RST2 Pin=U1-JP7_10
Removed Pin From Net: NetName=U2RXo Pin=U1-JP7_11
Removed Pin From Net: NetName=U2TXo Pin=U1-JP7_12
Removed Member From Class: ClassName=Sheet1 Member=U1
Added Pin To Net: NetName=D8 Pin=U-GND
Added Pin To Net: NetName=D8 Pin=U-GND
Added Pin To Net: NetName=D8 Pin=U-GND
Added Pin To Net: NetName=D8 Pin=U-GND
Added Pin To Net: NetName=NetP2_9 Pin=U-GND
Added Pin To Net: NetName=NetP2_9 Pin=U-GND
Added Pin To Net: NetName=NetP2_9 Pin=U-GND
Added Pin To Net: NetName=NetP2_9 Pin=U-GND
Added Pin To Net: NetName=D7 Pin=U-RST
Added Pin To Net: NetName=D7 Pin=U-RST
Added Pin To Net: NetName=D7 Pin=U-RST
Added Pin To Net: NetName=U1RX Pin=U-RX
Added Pin To Net: NetName=U1RX Pin=U-RX
Added Pin To Net: NetName=U1TX Pin=U-TX
Added Pin To Net: NetName=U1TX Pin=U-TX
Added Pin To Net: NetName=U1EN Pin=U-VCC
Added Pin To Net: NetName=U1EN Pin=U-VCC
Added Pin To Net: NetName=U1EN Pin=U-VCC
Added Pin To Net: NetName=VCC Pin=U-VCC
Added Pin To Net: NetName=VCC Pin=U-VCC
Added Pin To Net: NetName=VCC Pin=U-VCC
