Added Pin To Net: NetName=GND Pin=P4-3
Added Pin To Net: NetName=D8 Pin=U-GND
Added Pin To Net: NetName=D8 Pin=U-GND
Added Pin To Net: NetName=D8 Pin=U-GND
Added Pin To Net: NetName=D8 Pin=U-GND
Added Pin To Net: NetName=GND Pin=U-GND
Added Pin To Net: NetName=GND Pin=U-GND
Added Pin To Net: NetName=GND Pin=U-GND
Added Pin To Net: NetName=GND Pin=U-GND
Added Pin To Net: NetName=NetP2_9 Pin=U-GND
Added Pin To Net: NetName=NetP2_9 Pin=U-GND
Added Pin To Net: NetName=NetP2_9 Pin=U-GND
Added Pin To Net: NetName=NetP2_9 Pin=U-GND
Added Pin To Net: NetName=NetP3_5 Pin=U-GND
Added Pin To Net: NetName=NetP3_5 Pin=U-GND
Added Pin To Net: NetName=NetP3_5 Pin=U-GND
Added Pin To Net: NetName=NetP3_5 Pin=U-GND
Added Pin To Net: NetName=D7 Pin=U-RST
Added Pin To Net: NetName=D7 Pin=U-RST
Added Pin To Net: NetName=D7 Pin=U-RST
Added Pin To Net: NetName=NetP2_11 Pin=U-RX
Added Pin To Net: NetName=NetP2_11 Pin=U-RX
Added Pin To Net: NetName=NetP2_12 Pin=U-TX
Added Pin To Net: NetName=NetP2_12 Pin=U-TX
Added Pin To Net: NetName=NetP3_4 Pin=U-VCC
Added Pin To Net: NetName=NetP3_4 Pin=U-VCC
Added Pin To Net: NetName=NetP3_4 Pin=U-VCC
Added Pin To Net: NetName=U2TXo Pin=U-VCC
Added Pin To Net: NetName=U2TXo Pin=U-VCC
Added Pin To Net: NetName=U2TXo Pin=U-VCC
