Change Component Designator: OldDesignator=A? NewDesignator=A1
Change Component Designator: OldDesignator=C? NewDesignator=C1
Change Component Designator: OldDesignator=C? NewDesignator=C2
Change Component Designator: OldDesignator=C? NewDesignator=C3
Change Component Designator: OldDesignator=C? NewDesignator=C4
Change Component Designator: OldDesignator=C? NewDesignator=C5
Change Component Designator: OldDesignator=J? NewDesignator=J1
Change Component Designator: OldDesignator=L? NewDesignator=L1
Change Component Designator: OldDesignator=L? NewDesignator=L2
Change Component Designator: OldDesignator=P? NewDesignator=P1
Change Component Designator: OldDesignator=P? NewDesignator=P2
Change Component Designator: OldDesignator=RELAY? NewDesignator=RELAY1
Change Component Designator: OldDesignator=U? NewDesignator=U1
Change Component Designator: OldDesignator=U? NewDesignator=U1
Change Component Designator: OldDesignator=U? NewDesignator=U2
Add Pin To Net: Unknown Pin: Pin U1-21
Added Member To Class: ClassName=Sheet1 Member=Component C1 JP4
Added Member To Class: ClassName=Sheet1 Member=Component C2 Cap
Added Member To Class: ClassName=Sheet1 Member=Component C3 Header4
Added Member To Class: ClassName=Sheet1 Member=Component C4 JP4x2-2.0
Added Member To Class: ClassName=Sheet1 Member=Component L1 Inductor
Added Member To Class: ClassName=Sheet1 Member=Component L2 LED 3mm
Added Member To Class: ClassName=Sheet1 Member=Component P1 CON 3 EDG5.08
Added Member To Class: ClassName=Sheet1 Member=Component U1 SCD40-D-R2
Added Member To Class: ClassName=Sheet1 Member=Component U2 RA-02_LORA
