Removed Pin From Net: NetName=A Pin=ARDUINO_MINI_PRO-2
Removed Pin From Net: NetName=A Pin=ARDUINO_MINI_PRO-4
Removed Pin From Net: NetName=A Pin=ARDUINO_MINI_PRO-5
Removed Pin From Net: NetName=A Pin=ARDUINO_MINI_PRO-6
Removed Pin From Net: NetName=A Pin=ARDUINO_MINI_PRO-7
Removed Pin From Net: NetName=A Pin=ARDUINO_MINI_PRO-8
Removed Pin From Net: NetName=A Pin=ARDUINO_MINI_PRO-9
Removed Pin From Net: NetName=A Pin=H1-3
Removed Pin From Net: NetName=A Pin=H2-4
Removed Pin From Net: NetName=A Pin=JPrev-1
Removed Pin From Net: NetName=A Pin=JPtr-1
Removed Pin From Net: NetName=A Pin=Jre-1
Removed Pin From Net: NetName=A Pin=P2-1
Removed Pin From Net: NetName=A Pin=P2-2
Removed Pin From Net: NetName=A Pin=P2-3
Removed Pin From Net: NetName=A Pin=P2-4
Removed Pin From Net: NetName=A Pin=P2-5
Removed Pin From Net: NetName=A Pin=P2-6
Removed Pin From Net: NetName=A Pin=P2-8
Removed Pin From Net: NetName=A Pin=Rptr9-2
Removed Pin From Net: NetName=A Pin=Rptr10-2
Removed Pin From Net: NetName=A Pin=Rrev-1
Removed Pin From Net: NetName=A Pin=Rrl1-1
Removed Pin From Net: NetName=A Pin=Rtr1-2
Removed Pin From Net: NetName=A Pin=Utr2-1
Removed Pin From Net: NetName=A Pin=Utr2-4
Added Pin To Net: NetName=NetARDUINO_MINI_PRO_GND Pin=ARDUINO_MINI_PRO-GND
Added Pin To Net: NetName=NetARDUINO_MINI_PRO_GND Pin=ARDUINO_MINI_PRO-GND
Added Pin To Net: NetName=NetARDUINO_MINI_PRO_GND Pin=ARDUINO_MINI_PRO-GND
Added Pin To Net: NetName=NetARDUINO_MINI_PRO_GND Pin=ARDUINO_MINI_PRO-GND
Added Pin To Net: NetName=NetARDUINO_MINI_PRO_GND Pin=ARDUINO_MINI_PRO-GND
Added Pin To Net: NetName=U2RXo Pin=ARDUINO_MINI_PRO-RST
Added Pin To Net: NetName=U2RXo Pin=ARDUINO_MINI_PRO-RST
Added Pin To Net: NetName=VCC Pin=ARDUINO_MINI_PRO-VCC
Added Pin To Net: NetName=VCC Pin=ARDUINO_MINI_PRO-VCC
Change Net Name : Old Net Name=A New Net Name=U1EN
Added Pin To Net: NetName=A Pin=ARDUINO_MINI_PRO-6
Added Pin To Net: NetName=A Pin=H1-3
Added Pin To Net: NetName=A Pin=P2-4
Added Net: Name=A
Added Pin To Net: NetName=OUT Pin=ARDUINO_MINI_PRO-7
Added Pin To Net: NetName=OUT Pin=JPrev-1
Added Pin To Net: NetName=OUT Pin=Jre-1
Added Pin To Net: NetName=OUT Pin=P2-3
Added Pin To Net: NetName=OUT Pin=Rrev-1
Added Net: Name=OUT
Added Pin To Net: NetName=Po Pin=ARDUINO_MINI_PRO-5
Added Pin To Net: NetName=Po Pin=H2-4
Added Pin To Net: NetName=Po Pin=P2-5
Added Net: Name=Po
Added Pin To Net: NetName=RL Pin=ARDUINO_MINI_PRO-9
Added Pin To Net: NetName=RL Pin=P2-1
Added Pin To Net: NetName=RL Pin=Rrl1-1
Added Net: Name=RL
Added Pin To Net: NetName=TX Pin=ARDUINO_MINI_PRO-8
Added Pin To Net: NetName=TX Pin=JPtr-1
Added Pin To Net: NetName=TX Pin=P2-2
Added Pin To Net: NetName=TX Pin=Rtr1-2
Added Net: Name=TX
Added Pin To Net: NetName=U1RX Pin=ARDUINO_MINI_PRO-4
Added Pin To Net: NetName=U1RX Pin=P2-6
Added Pin To Net: NetName=U1RX Pin=Rptr9-2
Added Pin To Net: NetName=U1RX Pin=Utr2-1
Added Net: Name=U1RX
Added Pin To Net: NetName=U1TX Pin=ARDUINO_MINI_PRO-2
Added Pin To Net: NetName=U1TX Pin=P2-8
Added Pin To Net: NetName=U1TX Pin=Rptr10-2
Added Pin To Net: NetName=U1TX Pin=Utr2-4
Added Net: Name=U1TX
