Added Component: Designator=C1(1206e)
Added Component: Designator=Ca1(Cap 0805)
Added Component: Designator=Ca2(Cap 0805)
Added Component: Designator=Ca3(Cap 0805)
Added Component: Designator=Ca4(Cap 0805)
Added Component: Designator=Ca5(Cap 0805)
Added Component: Designator=Ca6(Cap 0805)
Added Component: Designator=Ca7(Cap 0805)
Added Component: Designator=Ca8(Cap 0805)
Added Component: Designator=Ca9(Cap 0805)
Added Component: Designator=Cbst1(0805c)
Add component (AddParameter): Name = "LatestRevisionDate"; Value = "17-Jul-2002"; VariantName = "[No Variations]"
Add component (AddParameter): Name = "LatestRevisionNote"; Value = "Re-released for DXP Platform."; VariantName = "[No Variations]"
Add component (AddParameter): Name = "PackageReference"; Value = "RAD-0.3"; VariantName = "[No Variations]"
Add component (AddParameter): Name = "Published"; Value = "8-Jun-2000"; VariantName = "[No Variations]"
Add component (AddParameter): Name = "Publisher"; Value = "Altium Limited"; VariantName = "[No Variations]"
Add component (AddParameter): Name = "Value"; Value = "100pF"; VariantName = "[No Variations]"
Added Component: Designator=Cha1(Cap 0805)
Added Component: Designator=Cha2(Cap 0805)
Added Component: Designator=Cn1(Cap 0805)
Added Component: Designator=Cn2(Cap 0805)
Added Component: Designator=Cn3(Cap 1206)
Added Component: Designator=Cn4(0805c)
Add component (AddParameter): Name = "LatestRevisionDate"; Value = "17-Jul-2002"; VariantName = "[No Variations]"
Add component (AddParameter): Name = "LatestRevisionNote"; Value = "Re-released for DXP Platform."; VariantName = "[No Variations]"
Add component (AddParameter): Name = "PackageReference"; Value = "RAD-0.3"; VariantName = "[No Variations]"
Add component (AddParameter): Name = "Published"; Value = "8-Jun-2000"; VariantName = "[No Variations]"
Add component (AddParameter): Name = "Publisher"; Value = "Altium Limited"; VariantName = "[No Variations]"
Add component (AddParameter): Name = "Value"; Value = "100pF"; VariantName = "[No Variations]"
Added Component: Designator=cn5(1206e)
Added Component: Designator=Cn6(cc15r15)
Added Component: Designator=Cn7(1206e)
Added Component: Designator=Cn8(1206e)
Added Component: Designator=Cn16(1206e)
Added Component: Designator=D?(3.5X2.8X1.9)
Add component (AddParameter): Name = "DatasheetVersion"; Value = "16-Apr-2002"; VariantName = "[No Variations]"
Add component (AddParameter): Name = "LatestRevisionDate"; Value = "17-Dec-2003"; VariantName = "[No Variations]"
Add component (AddParameter): Name = "LatestRevisionNote"; Value = "PCB Footprint replaced."; VariantName = "[No Variations]"
Add component (AddParameter): Name = "PackageDescription"; Value = "SM LED; 2 C-Bend Leads; Body 3.5 x 2.8 x 1.9 mm, inc leads (LxWxH typ)"; VariantName = "[No Variations]"
Add component (AddParameter): Name = "PackageReference"; Value = "3.5X2.8X1.9"; VariantName = "[No Variations]"
Add component (AddParameter): Name = "PackageVersion"; Value = "16-Apr-2002"; VariantName = "[No Variations]"
Add component (AddParameter): Name = "Published"; Value = "8-Jun-2000"; VariantName = "[No Variations]"
Add component (AddParameter): Name = "Publisher"; Value = "Altium Limited"; VariantName = "[No Variations]"
Added Component: Designator=Dbv1(smb)
Added Component: Designator=Dn1(Sma)
Add component (AddParameter): Name = "Code_JEDEC"; Value = "DO-214-AB"; VariantName = "[No Variations]"
Add component (AddParameter): Name = "LatestRevisionDate"; Value = "17-Jul-2002"; VariantName = "[No Variations]"
Add component (AddParameter): Name = "LatestRevisionNote"; Value = "Re-released for DXP Platform."; VariantName = "[No Variations]"
Add component (AddParameter): Name = "PackageReference"; Value = "SMC"; VariantName = "[No Variations]"
Add component (AddParameter): Name = "PackageVersion"; Value = "Sep-1996"; VariantName = "[No Variations]"
Add component (AddParameter): Name = "Published"; Value = "8-Jun-2000"; VariantName = "[No Variations]"
Add component (AddParameter): Name = "Publisher"; Value = "Altium Limited"; VariantName = "[No Variations]"
Added Component: Designator=Dn2(Sma)
Add component (AddParameter): Name = "Code_JEDEC"; Value = "DO-214-AB"; VariantName = "[No Variations]"
Add component (AddParameter): Name = "LatestRevisionDate"; Value = "17-Jul-2002"; VariantName = "[No Variations]"
Add component (AddParameter): Name = "LatestRevisionNote"; Value = "Re-released for DXP Platform."; VariantName = "[No Variations]"
Add component (AddParameter): Name = "PackageReference"; Value = "SMC"; VariantName = "[No Variations]"
Add component (AddParameter): Name = "PackageVersion"; Value = "Sep-1996"; VariantName = "[No Variations]"
Add component (AddParameter): Name = "Published"; Value = "8-Jun-2000"; VariantName = "[No Variations]"
Add component (AddParameter): Name = "Publisher"; Value = "Altium Limited"; VariantName = "[No Variations]"
Added Component: Designator=DN3(sma)
Added Component: Designator=Dnb1(Sma)
Add component (AddParameter): Name = "Code_JEDEC"; Value = "DO-214-AB"; VariantName = "[No Variations]"
Add component (AddParameter): Name = "LatestRevisionDate"; Value = "17-Jul-2002"; VariantName = "[No Variations]"
Add component (AddParameter): Name = "LatestRevisionNote"; Value = "Re-released for DXP Platform."; VariantName = "[No Variations]"
Add component (AddParameter): Name = "PackageReference"; Value = "SMC"; VariantName = "[No Variations]"
Add component (AddParameter): Name = "PackageVersion"; Value = "Sep-1996"; VariantName = "[No Variations]"
Add component (AddParameter): Name = "Published"; Value = "8-Jun-2000"; VariantName = "[No Variations]"
Add component (AddParameter): Name = "Publisher"; Value = "Altium Limited"; VariantName = "[No Variations]"
Added Component: Designator=Drl1(SMC)
Add component (AddParameter): Name = "Code_JEDEC"; Value = "DO-214-AB"; VariantName = "[No Variations]"
Add component (AddParameter): Name = "LatestRevisionDate"; Value = "17-Jul-2002"; VariantName = "[No Variations]"
Add component (AddParameter): Name = "LatestRevisionNote"; Value = "Re-released for DXP Platform."; VariantName = "[No Variations]"
Add component (AddParameter): Name = "PackageDescription"; Value = "DO-214-AB/SMC; 2 C-Bend Leads; Body 7.9 x 5.9 mm, inc. leads (LxW)"; VariantName = "[No Variations]"
Add component (AddParameter): Name = "PackageReference"; Value = "SMC"; VariantName = "[No Variations]"
Add component (AddParameter): Name = "PackageVersion"; Value = "Sep-1996"; VariantName = "[No Variations]"
Add component (AddParameter): Name = "Published"; Value = "8-Jun-2000"; VariantName = "[No Variations]"
Add component (AddParameter): Name = "Publisher"; Value = "Altium Limited"; VariantName = "[No Variations]"
Added Component: Designator=Drl2(3.5X2.8X1.9)
Add component (AddParameter): Name = "DatasheetVersion"; Value = "16-Apr-2002"; VariantName = "[No Variations]"
Add component (AddParameter): Name = "LatestRevisionDate"; Value = "17-Dec-2003"; VariantName = "[No Variations]"
Add component (AddParameter): Name = "LatestRevisionNote"; Value = "PCB Footprint replaced."; VariantName = "[No Variations]"
Add component (AddParameter): Name = "PackageDescription"; Value = "SM LED; 2 C-Bend Leads; Body 3.5 x 2.8 x 1.9 mm, inc leads (LxWxH typ)"; VariantName = "[No Variations]"
Add component (AddParameter): Name = "PackageReference"; Value = "3.5X2.8X1.9"; VariantName = "[No Variations]"
Add component (AddParameter): Name = "PackageVersion"; Value = "16-Apr-2002"; VariantName = "[No Variations]"
Add component (AddParameter): Name = "Published"; Value = "8-Jun-2000"; VariantName = "[No Variations]"
Add component (AddParameter): Name = "Publisher"; Value = "Altium Limited"; VariantName = "[No Variations]"
Added Component: Designator=F2(FuseSMD050)
Added Component: Designator=H1(XH2.54M-3)
Add component (AddParameter): Name = "Chung_Loai"; Value = "C?m"; VariantName = "[No Variations]"
Add component (AddParameter): Name = "Don_Vi"; Value = "Con"; VariantName = "[No Variations]"
Add component (AddParameter): Name = "Ghi_Chu"; Value = ""; VariantName = "[No Variations]"
Add component (AddParameter): Name = "Kieu_Chan"; Value = ""; VariantName = "[No Variations]"
Add component (AddParameter): Name = "Ma_Hang"; Value = "MH001292"; VariantName = "[No Variations]"
Add component (AddParameter): Name = "Ten_Linh_Kien"; Value = "Header 3P XH2.54-3P Đ?c Th?ng"; VariantName = "[No Variations]"
Added Component: Designator=H2(XH2.54M-6)
Add component (AddParameter): Name = "Chung_Loai"; Value = "C?m"; VariantName = "[No Variations]"
Add component (AddParameter): Name = "Don_Vi"; Value = "Con"; VariantName = "[No Variations]"
Add component (AddParameter): Name = "Ghi_Chu"; Value = ""; VariantName = "[No Variations]"
Add component (AddParameter): Name = "Kieu_Chan"; Value = ""; VariantName = "[No Variations]"
Add component (AddParameter): Name = "Ma_Hang"; Value = "MH001972"; VariantName = "[No Variations]"
Add component (AddParameter): Name = "Ten_Linh_Kien"; Value = "Header 6P XH2.54-6P Đ?c Th?ng"; VariantName = "[No Variations]"
Added Component: Designator=H3(XH2.54M-5)
Add component (AddParameter): Name = "Chung_Loai"; Value = "C?m"; VariantName = "[No Variations]"
Add component (AddParameter): Name = "Don_Vi"; Value = "Con"; VariantName = "[No Variations]"
Add component (AddParameter): Name = "Ghi_Chu"; Value = ""; VariantName = "[No Variations]"
Add component (AddParameter): Name = "Kieu_Chan"; Value = ""; VariantName = "[No Variations]"
Add component (AddParameter): Name = "Ma_Hang"; Value = "MH001298"; VariantName = "[No Variations]"
Add component (AddParameter): Name = "Ten_Linh_Kien"; Value = "Header 5P XH2.54-5P Đ?c Th?ng"; VariantName = "[No Variations]"
Added Component: Designator=H4(XH2.54M-4)
Add component (AddParameter): Name = "Chung_Loai"; Value = "C?m"; VariantName = "[No Variations]"
Add component (AddParameter): Name = "Don_Vi"; Value = "Con"; VariantName = "[No Variations]"
Add component (AddParameter): Name = "Ghi_Chu"; Value = ""; VariantName = "[No Variations]"
Add component (AddParameter): Name = "Kieu_Chan"; Value = ""; VariantName = "[No Variations]"
Add component (AddParameter): Name = "Ma_Hang"; Value = "MH001285"; VariantName = "[No Variations]"
Add component (AddParameter): Name = "Ten_Linh_Kien"; Value = "Header 4P XH2.54-4P Đ?c Th?ng"; VariantName = "[No Variations]"
Added Component: Designator=Jn1(giacdung3)
Added Component: Designator=Jn(CON3_129_PJ-002A_TH_RA)
Add component (AddParameter): Name = "Alternate Part Number-1"; Value = "NA"; VariantName = "[No Variations]"
Add component (AddParameter): Name = "Case/Package"; Value = "TH-CON"; VariantName = "[No Variations]"
Add component (AddParameter): Name = "Manufacturer"; Value = "JST"; VariantName = "[No Variations]"
Add component (AddParameter): Name = "Manufacturer Part Number"; Value = "PJ-002A"; VariantName = "[No Variations]"
Add component (AddParameter): Name = "Supplier Part Number-1"; Value = "NA"; VariantName = "[No Variations]"
Add component (AddParameter): Name = "Supplier-1"; Value = "SP ROAD"; VariantName = "[No Variations]"
Added Component: Designator=JP?(JP 1x3 CT)
Add component (AddParameter): Name = "Chung_Loai"; Value = "C?m"; VariantName = "[No Variations]"
Add component (AddParameter): Name = "Don_Vi"; Value = "Con"; VariantName = "[No Variations]"
Add component (AddParameter): Name = "Ghi_Chu"; Value = ""; VariantName = "[No Variations]"
Add component (AddParameter): Name = "Kieu_Chan"; Value = ""; VariantName = "[No Variations]"
Add component (AddParameter): Name = "Ma_Hang"; Value = "MH004006"; VariantName = "[No Variations]"
Add component (AddParameter): Name = "Ten_Linh_Kien"; Value = "Jump Đon Cái 2.54MM 1x20P Th?ng"; VariantName = "[No Variations]"
Added Component: Designator=JPtr(JP 1x3 CT)
Add component (AddParameter): Name = "Chung_Loai"; Value = "C?m"; VariantName = "[No Variations]"
Add component (AddParameter): Name = "Don_Vi"; Value = "Con"; VariantName = "[No Variations]"
Add component (AddParameter): Name = "Ghi_Chu"; Value = ""; VariantName = "[No Variations]"
Add component (AddParameter): Name = "Kieu_Chan"; Value = ""; VariantName = "[No Variations]"
Add component (AddParameter): Name = "Ma_Hang"; Value = "MH004006"; VariantName = "[No Variations]"
Add component (AddParameter): Name = "Ten_Linh_Kien"; Value = "Jump Đon Cái 2.54MM 1x20P Th?ng"; VariantName = "[No Variations]"
Added Component: Designator=Jre?(TSOP1838)
Add component (AddParameter): Name = "Check_prices"; Value = "https://www.snapeda.com/parts/TSOP1838/Vishay/view-part/?ref=eda"; VariantName = "[No Variations]"
Add component (AddParameter): Name = "MF"; Value = "Vishay"; VariantName = "[No Variations]"
Add component (AddParameter): Name = "MP"; Value = "TSOP1838"; VariantName = "[No Variations]"
Add component (AddParameter): Name = "Package"; Value = "None"; VariantName = "[No Variations]"
Add component (AddParameter): Name = "SnapEDA_Link"; Value = "https://www.snapeda.com/parts/TSOP1838/Vishay/view-part/?ref=snap"; VariantName = "[No Variations]"
Add component (AddParameter): Name = "Value"; Value = ""; VariantName = "[No Variations]"
Added Component: Designator=L1(IND_SPR06xe)
Add component (AddParameter): Name = "Code_IEC"; Value = "1005"; VariantName = "[No Variations]"
Add component (AddParameter): Name = "Code_JEITA"; Value = "0402"; VariantName = "[No Variations]"
Add component (AddParameter): Name = "LatestRevisionDate"; Value = "29-May-2009"; VariantName = "[No Variations]"
Add component (AddParameter): Name = "LatestRevisionNote"; Value = "IPC-7351 Footprint Added."; VariantName = "[No Variations]"
Add component (AddParameter): Name = "PackageDescription"; Value = "Chip Inductor"; VariantName = "[No Variations]"
Add component (AddParameter): Name = "PackageReference"; Value = "0402-A"; VariantName = "[No Variations]"
Add component (AddParameter): Name = "Published"; Value = "8-Jun-2000"; VariantName = "[No Variations]"
Add component (AddParameter): Name = "Publisher"; Value = "Altium Limited"; VariantName = "[No Variations]"
Add component (AddParameter): Name = "Value"; Value = "10mH"; VariantName = "[No Variations]"
Added Component: Designator=Lch1(IND_SPR05x)
Added Component: Designator=Ltr1(LED-3MM-RED)
Add component (AddParameter): Name = "Chung_Loai"; Value = "C?m"; VariantName = "[No Variations]"
Add component (AddParameter): Name = "Don_Vi"; Value = "Con"; VariantName = "[No Variations]"
Add component (AddParameter): Name = "Ghi_Chu"; Value = ""; VariantName = "[No Variations]"
Add component (AddParameter): Name = "Kieu_Chan"; Value = ""; VariantName = "[No Variations]"
Add component (AddParameter): Name = "Ma_Hang"; Value = "MH003892"; VariantName = "[No Variations]"
Add component (AddParameter): Name = "Ten_Linh_Kien"; Value = "Led 3MM Ph? Đ? (10c)"; VariantName = "[No Variations]"
Added Component: Designator=P1(HDR1X12)
Add component (AddParameter): Name = "LatestRevisionDate"; Value = "17-Jul-2002"; VariantName = "[No Variations]"
Add component (AddParameter): Name = "LatestRevisionNote"; Value = "Re-released for DXP Platform."; VariantName = "[No Variations]"
Add component (AddParameter): Name = "Publisher"; Value = "Altium Limited"; VariantName = "[No Variations]"
Added Component: Designator=P2(HDR1X12)
Add component (AddParameter): Name = "LatestRevisionDate"; Value = "17-Jul-2002"; VariantName = "[No Variations]"
Add component (AddParameter): Name = "LatestRevisionNote"; Value = "Re-released for DXP Platform."; VariantName = "[No Variations]"
Add component (AddParameter): Name = "Publisher"; Value = "Altium Limited"; VariantName = "[No Variations]"
Added Component: Designator=P3(HDR1X6)
Add component (AddParameter): Name = "LatestRevisionDate"; Value = "17-Jul-2002"; VariantName = "[No Variations]"
Add component (AddParameter): Name = "LatestRevisionNote"; Value = "Re-released for DXP Platform."; VariantName = "[No Variations]"
Add component (AddParameter): Name = "Publisher"; Value = "Altium Limited"; VariantName = "[No Variations]"
Added Component: Designator=P4(HDR1X5)
Add component (AddParameter): Name = "LatestRevisionDate"; Value = "17-Jul-2002"; VariantName = "[No Variations]"
Add component (AddParameter): Name = "LatestRevisionNote"; Value = "Re-released for DXP Platform."; VariantName = "[No Variations]"
Add component (AddParameter): Name = "Publisher"; Value = "Altium Limited"; VariantName = "[No Variations]"
Added Component: Designator=Pexlr(HDR2X4)
Add component (AddParameter): Name = "LatestRevisionDate"; Value = "17-Jul-2002"; VariantName = "[No Variations]"
Add component (AddParameter): Name = "LatestRevisionNote"; Value = "Re-released for DXP Platform."; VariantName = "[No Variations]"
Add component (AddParameter): Name = "Publisher"; Value = "Altium Limited"; VariantName = "[No Variations]"
Added Component: Designator=Prl?(CON 3 3EDG5.08)
Add component (AddParameter): Name = "Chung_Loai"; Value = "C?m"; VariantName = "[No Variations]"
Add component (AddParameter): Name = "Don_Vi"; Value = "Con"; VariantName = "[No Variations]"
Add component (AddParameter): Name = "Ghi_Chu"; Value = ""; VariantName = "[No Variations]"
Add component (AddParameter): Name = "Kieu_Chan"; Value = ""; VariantName = "[No Variations]"
Add component (AddParameter): Name = "Ma_Hang"; Value = "MH000760"; VariantName = "[No Variations]"
Add component (AddParameter): Name = "Ten_Linh_Kien"; Value = "CON 3 2EDG5.08-3P 5.08MM ( Xanh Cong)"; VariantName = "[No Variations]"
Added Component: Designator=Ptr1(giacdung4)
Add component (AddParameter): Name = "LatestRevisionDate"; Value = "17-Jul-2002"; VariantName = "[No Variations]"
Add component (AddParameter): Name = "LatestRevisionNote"; Value = "Re-released for DXP Platform."; VariantName = "[No Variations]"
Add component (AddParameter): Name = "Publisher"; Value = "Altium Limited"; VariantName = "[No Variations]"
Added Component: Designator=Ptr2(giacdung4)
Add component (AddParameter): Name = "LatestRevisionDate"; Value = "17-Jul-2002"; VariantName = "[No Variations]"
Add component (AddParameter): Name = "LatestRevisionNote"; Value = "Re-released for DXP Platform."; VariantName = "[No Variations]"
Add component (AddParameter): Name = "Publisher"; Value = "Altium Limited"; VariantName = "[No Variations]"
Added Component: Designator=Pulr1(HDR1X8)
Add component (AddParameter): Name = "LatestRevisionDate"; Value = "17-Jul-2002"; VariantName = "[No Variations]"
Add component (AddParameter): Name = "LatestRevisionNote"; Value = "Re-released for DXP Platform."; VariantName = "[No Variations]"
Add component (AddParameter): Name = "Publisher"; Value = "Altium Limited"; VariantName = "[No Variations]"
Added Component: Designator=Pulr2(HDR1X8)
Add component (AddParameter): Name = "LatestRevisionDate"; Value = "17-Jul-2002"; VariantName = "[No Variations]"
Add component (AddParameter): Name = "LatestRevisionNote"; Value = "Re-released for DXP Platform."; VariantName = "[No Variations]"
Add component (AddParameter): Name = "Publisher"; Value = "Altium Limited"; VariantName = "[No Variations]"
Added Component: Designator=R5(0805c)
Add component (AddParameter): Name = "LatestRevisionDate"; Value = "17-Jul-2002"; VariantName = "[No Variations]"
Add component (AddParameter): Name = "LatestRevisionNote"; Value = "Re-released for DXP Platform."; VariantName = "[No Variations]"
Add component (AddParameter): Name = "PackageReference"; Value = "AXIAL-0.3"; VariantName = "[No Variations]"
Add component (AddParameter): Name = "Published"; Value = "8-Jun-2000"; VariantName = "[No Variations]"
Add component (AddParameter): Name = "Publisher"; Value = "Altium Limited"; VariantName = "[No Variations]"
Add component (AddParameter): Name = "Value"; Value = "1K"; VariantName = "[No Variations]"
Added Component: Designator=R6(0805c)
Add component (AddParameter): Name = "LatestRevisionDate"; Value = "17-Jul-2002"; VariantName = "[No Variations]"
Add component (AddParameter): Name = "LatestRevisionNote"; Value = "Re-released for DXP Platform."; VariantName = "[No Variations]"
Add component (AddParameter): Name = "PackageReference"; Value = "AXIAL-0.3"; VariantName = "[No Variations]"
Add component (AddParameter): Name = "Published"; Value = "8-Jun-2000"; VariantName = "[No Variations]"
Add component (AddParameter): Name = "Publisher"; Value = "Altium Limited"; VariantName = "[No Variations]"
Add component (AddParameter): Name = "Value"; Value = "1K"; VariantName = "[No Variations]"
Added Component: Designator=R7(0805c)
Add component (AddParameter): Name = "LatestRevisionDate"; Value = "17-Jul-2002"; VariantName = "[No Variations]"
Add component (AddParameter): Name = "LatestRevisionNote"; Value = "Re-released for DXP Platform."; VariantName = "[No Variations]"
Add component (AddParameter): Name = "PackageReference"; Value = "AXIAL-0.3"; VariantName = "[No Variations]"
Add component (AddParameter): Name = "Published"; Value = "8-Jun-2000"; VariantName = "[No Variations]"
Add component (AddParameter): Name = "Publisher"; Value = "Altium Limited"; VariantName = "[No Variations]"
Add component (AddParameter): Name = "Value"; Value = "1K"; VariantName = "[No Variations]"
Added Component: Designator=R8(0805c)
Add component (AddParameter): Name = "LatestRevisionDate"; Value = "17-Jul-2002"; VariantName = "[No Variations]"
Add component (AddParameter): Name = "LatestRevisionNote"; Value = "Re-released for DXP Platform."; VariantName = "[No Variations]"
Add component (AddParameter): Name = "PackageReference"; Value = "AXIAL-0.3"; VariantName = "[No Variations]"
Add component (AddParameter): Name = "Published"; Value = "8-Jun-2000"; VariantName = "[No Variations]"
Add component (AddParameter): Name = "Publisher"; Value = "Altium Limited"; VariantName = "[No Variations]"
Add component (AddParameter): Name = "Value"; Value = "1K"; VariantName = "[No Variations]"
Added Component: Designator=R9(0805c)
Add component (AddParameter): Name = "LatestRevisionDate"; Value = "17-Jul-2002"; VariantName = "[No Variations]"
Add component (AddParameter): Name = "LatestRevisionNote"; Value = "Re-released for DXP Platform."; VariantName = "[No Variations]"
Add component (AddParameter): Name = "PackageReference"; Value = "AXIAL-0.3"; VariantName = "[No Variations]"
Add component (AddParameter): Name = "Published"; Value = "8-Jun-2000"; VariantName = "[No Variations]"
Add component (AddParameter): Name = "Publisher"; Value = "Altium Limited"; VariantName = "[No Variations]"
Add component (AddParameter): Name = "Value"; Value = "1K"; VariantName = "[No Variations]"
Added Component: Designator=RL?(Relay 5 Chan SRD)
Add component (AddParameter): Name = "Ma_Hang"; Value = "MH009374"; VariantName = "[No Variations]"
Add component (AddParameter): Name = "Ten"; Value = "Relay 5V10A SRD-05VDC-SL-C Chính Hăng"; VariantName = "[No Variations]"
Added Component: Designator=Rn1(0805c)
Added Component: Designator=Rn2(0805c)
Added Component: Designator=Rn3(0805c)
Added Component: Designator=Rn4(0805c)
Added Component: Designator=Rn5(0805c)
Added Component: Designator=Rn6(0805c)
Added Component: Designator=Rn7(1206)
Added Component: Designator=Rn8(0805c)
Added Component: Designator=Rn9(0805c)
Added Component: Designator=Rptr1(0805c)
Add component (AddParameter): Name = "LatestRevisionDate"; Value = "17-Jul-2002"; VariantName = "[No Variations]"
Add component (AddParameter): Name = "LatestRevisionNote"; Value = "Re-released for DXP Platform."; VariantName = "[No Variations]"
Add component (AddParameter): Name = "PackageReference"; Value = "AXIAL-0.3"; VariantName = "[No Variations]"
Add component (AddParameter): Name = "Published"; Value = "8-Jun-2000"; VariantName = "[No Variations]"
Add component (AddParameter): Name = "Publisher"; Value = "Altium Limited"; VariantName = "[No Variations]"
Add component (AddParameter): Name = "Value"; Value = "1K"; VariantName = "[No Variations]"
Added Component: Designator=Rptr2(0805c)
Add component (AddParameter): Name = "LatestRevisionDate"; Value = "17-Jul-2002"; VariantName = "[No Variations]"
Add component (AddParameter): Name = "LatestRevisionNote"; Value = "Re-released for DXP Platform."; VariantName = "[No Variations]"
Add component (AddParameter): Name = "PackageReference"; Value = "AXIAL-0.3"; VariantName = "[No Variations]"
Add component (AddParameter): Name = "Published"; Value = "8-Jun-2000"; VariantName = "[No Variations]"
Add component (AddParameter): Name = "Publisher"; Value = "Altium Limited"; VariantName = "[No Variations]"
Add component (AddParameter): Name = "Value"; Value = "1K"; VariantName = "[No Variations]"
Added Component: Designator=Rptr3(0805c)
Add component (AddParameter): Name = "LatestRevisionDate"; Value = "17-Jul-2002"; VariantName = "[No Variations]"
Add component (AddParameter): Name = "LatestRevisionNote"; Value = "Re-released for DXP Platform."; VariantName = "[No Variations]"
Add component (AddParameter): Name = "PackageReference"; Value = "AXIAL-0.3"; VariantName = "[No Variations]"
Add component (AddParameter): Name = "Published"; Value = "8-Jun-2000"; VariantName = "[No Variations]"
Add component (AddParameter): Name = "Publisher"; Value = "Altium Limited"; VariantName = "[No Variations]"
Add component (AddParameter): Name = "Value"; Value = "1K"; VariantName = "[No Variations]"
Added Component: Designator=Rptr4(0805c)
Add component (AddParameter): Name = "LatestRevisionDate"; Value = "17-Jul-2002"; VariantName = "[No Variations]"
Add component (AddParameter): Name = "LatestRevisionNote"; Value = "Re-released for DXP Platform."; VariantName = "[No Variations]"
Add component (AddParameter): Name = "PackageReference"; Value = "AXIAL-0.3"; VariantName = "[No Variations]"
Add component (AddParameter): Name = "Published"; Value = "8-Jun-2000"; VariantName = "[No Variations]"
Add component (AddParameter): Name = "Publisher"; Value = "Altium Limited"; VariantName = "[No Variations]"
Add component (AddParameter): Name = "Value"; Value = "1K"; VariantName = "[No Variations]"
Added Component: Designator=Rre?(0805c)
Add component (AddParameter): Name = "LatestRevisionDate"; Value = "17-Jul-2002"; VariantName = "[No Variations]"
Add component (AddParameter): Name = "LatestRevisionNote"; Value = "Re-released for DXP Platform."; VariantName = "[No Variations]"
Add component (AddParameter): Name = "PackageReference"; Value = "AXIAL-0.3"; VariantName = "[No Variations]"
Add component (AddParameter): Name = "Published"; Value = "8-Jun-2000"; VariantName = "[No Variations]"
Add component (AddParameter): Name = "Publisher"; Value = "Altium Limited"; VariantName = "[No Variations]"
Add component (AddParameter): Name = "Value"; Value = "1K"; VariantName = "[No Variations]"
Added Component: Designator=Rre(0805c)
Add component (AddParameter): Name = "LatestRevisionDate"; Value = "17-Jul-2002"; VariantName = "[No Variations]"
Add component (AddParameter): Name = "LatestRevisionNote"; Value = "Re-released for DXP Platform."; VariantName = "[No Variations]"
Add component (AddParameter): Name = "PackageReference"; Value = "AXIAL-0.3"; VariantName = "[No Variations]"
Add component (AddParameter): Name = "Published"; Value = "8-Jun-2000"; VariantName = "[No Variations]"
Add component (AddParameter): Name = "Publisher"; Value = "Altium Limited"; VariantName = "[No Variations]"
Add component (AddParameter): Name = "Value"; Value = "1K"; VariantName = "[No Variations]"
Added Component: Designator=Rrl1(0805c)
Add component (AddParameter): Name = "LatestRevisionDate"; Value = "17-Jul-2002"; VariantName = "[No Variations]"
Add component (AddParameter): Name = "LatestRevisionNote"; Value = "Re-released for DXP Platform."; VariantName = "[No Variations]"
Add component (AddParameter): Name = "PackageReference"; Value = "AXIAL-0.3"; VariantName = "[No Variations]"
Add component (AddParameter): Name = "Published"; Value = "8-Jun-2000"; VariantName = "[No Variations]"
Add component (AddParameter): Name = "Publisher"; Value = "Altium Limited"; VariantName = "[No Variations]"
Add component (AddParameter): Name = "Value"; Value = "1K"; VariantName = "[No Variations]"
Added Component: Designator=Rrl2(0805c)
Add component (AddParameter): Name = "LatestRevisionDate"; Value = "17-Jul-2002"; VariantName = "[No Variations]"
Add component (AddParameter): Name = "LatestRevisionNote"; Value = "Re-released for DXP Platform."; VariantName = "[No Variations]"
Add component (AddParameter): Name = "PackageReference"; Value = "AXIAL-0.3"; VariantName = "[No Variations]"
Add component (AddParameter): Name = "Published"; Value = "8-Jun-2000"; VariantName = "[No Variations]"
Add component (AddParameter): Name = "Publisher"; Value = "Altium Limited"; VariantName = "[No Variations]"
Add component (AddParameter): Name = "Value"; Value = "1K"; VariantName = "[No Variations]"
Added Component: Designator=Rrl3(0805c)
Add component (AddParameter): Name = "LatestRevisionDate"; Value = "17-Jul-2002"; VariantName = "[No Variations]"
Add component (AddParameter): Name = "LatestRevisionNote"; Value = "Re-released for DXP Platform."; VariantName = "[No Variations]"
Add component (AddParameter): Name = "PackageReference"; Value = "AXIAL-0.3"; VariantName = "[No Variations]"
Add component (AddParameter): Name = "Published"; Value = "8-Jun-2000"; VariantName = "[No Variations]"
Add component (AddParameter): Name = "Publisher"; Value = "Altium Limited"; VariantName = "[No Variations]"
Add component (AddParameter): Name = "Value"; Value = "1K"; VariantName = "[No Variations]"
Added Component: Designator=Rtr1(0805c)
Added Component: Designator=Tn1(sot23-3)
Added Component: Designator=Tn2(dpak)
Added Component: Designator=Tn4(sot23-3)
Added Component: Designator=Tn5(sot23-3)
Added Component: Designator=Tn6(sot23-3)
Added Component: Designator=Tn?(sot23-3)
Added Component: Designator=U1(MODULE_ARDUINO_PRO_MINI)
Add component (AddParameter): Name = "Check_prices"; Value = "https://www.snapeda.com/parts/Arduino%20Pro%20Mini/Arduino/view-part/?ref=eda"; VariantName = "[No Variations]"
Add component (AddParameter): Name = "MF"; Value = "Arduino"; VariantName = "[No Variations]"
Add component (AddParameter): Name = "MP"; Value = "Arduino Pro Mini"; VariantName = "[No Variations]"
Add component (AddParameter): Name = "Package"; Value = "None"; VariantName = "[No Variations]"
Add component (AddParameter): Name = "SnapEDA_Link"; Value = "https://www.snapeda.com/parts/Arduino%20Pro%20Mini/Arduino/view-part/?ref=snap"; VariantName = "[No Variations]"
Add component (AddParameter): Name = "Value"; Value = ""; VariantName = "[No Variations]"
Added Component: Designator=Ulr(MODULE_RA-02_LORA)
Add component (AddParameter): Name = "Availability"; Value = "Unavailable"; VariantName = "[No Variations]"
Add component (AddParameter): Name = "MF"; Value = ""; VariantName = "[No Variations]"
Add component (AddParameter): Name = "MP"; Value = "RA-02_LORA"; VariantName = "[No Variations]"
Add component (AddParameter): Name = "Package"; Value = "None"; VariantName = "[No Variations]"
Add component (AddParameter): Name = "Price"; Value = "None"; VariantName = "[No Variations]"
Add component (AddParameter): Name = "Value"; Value = ""; VariantName = "[No Variations]"
Added Component: Designator=Un1(Sot23-6)
Added Component: Designator=U(ARDUINO_MINI_PRO)
Added Component: Designator=Utr1(so-8)
Added Component: Designator=Utr2(so-8)
Added Pin To Net: NetName=VCC Pin=C1-1
Added Pin To Net: NetName=NetC1_2 Pin=C1-2
Added Pin To Net: NetName=VCCpl Pin=Ca1-1
Added Pin To Net: NetName=GND Pin=Ca1-2
Added Pin To Net: NetName=VCCpl Pin=Ca2-1
Added Pin To Net: NetName=GND Pin=Ca2-2
Added Pin To Net: NetName=VCC5 Pin=Ca3-1
Added Pin To Net: NetName=GND Pin=Ca3-2
Added Pin To Net: NetName=VCCpl Pin=Ca4-1
Added Pin To Net: NetName=GND Pin=Ca4-2
Added Pin To Net: NetName=VCCpl Pin=Ca5-1
Added Pin To Net: NetName=GND Pin=Ca5-2
Added Pin To Net: NetName=VCCpl Pin=Ca6-1
Added Pin To Net: NetName=GND Pin=Ca6-2
Added Pin To Net: NetName=VCCpl Pin=Ca7-1
Added Pin To Net: NetName=GND Pin=Ca7-2
Added Pin To Net: NetName=VCC5 Pin=Ca8-1
Added Pin To Net: NetName=GND Pin=Ca8-2
Added Pin To Net: NetName=VCC5 Pin=Ca9-1
Added Pin To Net: NetName=GND Pin=Ca9-2
Added Pin To Net: NetName=NetCbst1_1 Pin=Cbst1-1
Added Pin To Net: NetName=swpo1 Pin=Cbst1-2
Added Pin To Net: NetName=VCC5 Pin=Cha1-1
Added Pin To Net: NetName=GND Pin=Cha1-2
Added Pin To Net: NetName=VCCpll Pin=Cha2-1
Added Pin To Net: NetName=GND Pin=Cha2-2
Added Pin To Net: NetName=VCC Pin=Cn1-1
Added Pin To Net: NetName=GND Pin=Cn1-2
Added Pin To Net: NetName=VCCpl Pin=Cn2-1
Added Pin To Net: NetName=GND Pin=Cn2-2
Added Pin To Net: NetName=Vsen1 Pin=Cn3-1
Added Pin To Net: NetName=GND Pin=Cn3-2
Added Pin To Net: NetName=NetCn4_1 Pin=Cn4-1
Added Pin To Net: NetName=GND Pin=Cn4-2
Added Pin To Net: NetName=+24 Pin=cn5-1
Added Pin To Net: NetName=GND Pin=cn5-2
Added Pin To Net: NetName=+24 Pin=Cn6-1
Added Pin To Net: NetName=GND Pin=Cn6-2
Added Pin To Net: NetName=VCC Pin=Cn7-1
Added Pin To Net: NetName=GND Pin=Cn7-2
Added Pin To Net: NetName=VCC Pin=Cn8-1
Added Pin To Net: NetName=GND Pin=Cn8-2
Added Pin To Net: NetName=+24 Pin=Cn16-1
Added Pin To Net: NetName=GND Pin=Cn16-2
Added Pin To Net: NetName=NetD?_1 Pin=D?-1
Added Pin To Net: NetName=GND Pin=D?-2
Added Pin To Net: NetName=GND Pin=Dbv1-1
Added Pin To Net: NetName=NetCn4_1 Pin=Dbv1-2
Added Pin To Net: NetName=Vsen1 Pin=Dn1-1
Added Pin To Net: NetName=NetDn1_2 Pin=Dn1-2
Added Pin To Net: NetName=Vsen1 Pin=Dn2-1
Added Pin To Net: NetName=NetDn2_2 Pin=Dn2-2
Added Pin To Net: NetName=V+ Pin=DN3-1
Added Pin To Net: NetName=NetDN3_2 Pin=DN3-2
Added Pin To Net: NetName=GND Pin=Dnb1-1
Added Pin To Net: NetName=swpo1 Pin=Dnb1-2
Added Pin To Net: NetName=NetDrl1_1 Pin=Drl1-1
Added Pin To Net: NetName=VCC5 Pin=Drl1-2
Added Pin To Net: NetName=NetDrl2_1 Pin=Drl2-1
Added Pin To Net: NetName=GND Pin=Drl2-2
Added Pin To Net: NetName=NetDN3_2 Pin=F2-1
Added Pin To Net: NetName=NetCn4_1 Pin=F2-2
Added Pin To Net: NetName=VCC5 Pin=H1-1
Added Pin To Net: NetName=GND Pin=H1-2
Added Pin To Net: NetName=A Pin=H1-3
Added Pin To Net: NetName=VCC5 Pin=H2-1
Added Pin To Net: NetName=GND Pin=H2-2
Added Pin To Net: NetName=GND Pin=H2-3
Added Pin To Net: NetName=Po Pin=H2-4
Added Pin To Net: NetName=VCCpl Pin=H3-1
Added Pin To Net: NetName=GND Pin=H3-2
Added Pin To Net: NetName=SCL Pin=H3-3
Added Pin To Net: NetName=SDA Pin=H3-4
Added Pin To Net: NetName=INT Pin=H3-5
Added Pin To Net: NetName=GND Pin=H4-1
Added Pin To Net: NetName=VCCpl Pin=H4-2
Added Pin To Net: NetName=SCL Pin=H4-3
Added Pin To Net: NetName=SDA Pin=H4-4
Added Pin To Net: NetName=GND Pin=Jn1-1
Added Pin To Net: NetName=V+ Pin=Jn1-2
Added Pin To Net: NetName=V+ Pin=Jn-1
Added Pin To Net: NetName=GND Pin=Jn-2
Added Pin To Net: NetName=OUT Pin=JP?-1
Added Pin To Net: NetName=GND Pin=JP?-2
Added Pin To Net: NetName=VCCpl Pin=JP?-3
Added Pin To Net: NetName=NetJPtr_1 Pin=JPtr-1
Added Pin To Net: NetName=NetJPtr_2 Pin=JPtr-2
Added Pin To Net: NetName=NetJPtr_3 Pin=JPtr-3
Added Pin To Net: NetName=OUT Pin=Jre?-1
Added Pin To Net: NetName=GND Pin=Jre?-2
Added Pin To Net: NetName=VCCpl Pin=Jre?-3
Added Pin To Net: NetName=swpo1 Pin=L1-1
Added Pin To Net: NetName=VCC Pin=L1-2
Added Pin To Net: NetName=NetCn4_1 Pin=Lch1-1
Added Pin To Net: NetName=+24 Pin=Lch1-2
Added Pin To Net: NetName=NetLtr1_1 Pin=Ltr1-1
Added Pin To Net: NetName=NetLtr1_2 Pin=Ltr1-2
Added Pin To Net: NetName=RST Pin=P1-1
Added Pin To Net: NetName=D8 Pin=P1-2
Added Pin To Net: NetName=D7 Pin=P1-3
Added Pin To Net: NetName=U1EN Pin=P1-4
Added Pin To Net: NetName=PowEn1 Pin=P1-5
Added Pin To Net: NetName=PowEn2 Pin=P1-6
Added Pin To Net: NetName=U2ENo Pin=P1-7
Added Pin To Net: NetName=DIO0 Pin=P1-8
Added Pin To Net: NetName=RST2 Pin=P1-10
Added Pin To Net: NetName=U2RXo Pin=P1-11
Added Pin To Net: NetName=U2TXo Pin=P1-12
Added Pin To Net: NetName=GND Pin=Pexlr-1
Added Pin To Net: NetName=VCCpl Pin=Pexlr-2
Added Pin To Net: NetName=RST Pin=Pexlr-3
Added Pin To Net: NetName=NSS Pin=Pexlr-4
Added Pin To Net: NetName=SCK Pin=Pexlr-5
Added Pin To Net: NetName=MOSI Pin=Pexlr-6
Added Pin To Net: NetName=MISO Pin=Pexlr-7
Added Pin To Net: NetName=DIO0 Pin=Pexlr-8
Added Pin To Net: NetName=NetPrl?_1 Pin=Prl?-1
Added Pin To Net: NetName=COM Pin=Prl?-2
Added Pin To Net: NetName=NetPrl?_3 Pin=Prl?-3
Added Pin To Net: NetName=GND Pin=Ptr1-1
Added Pin To Net: NetName=NetDn1_2 Pin=Ptr1-2
Added Pin To Net: NetName=RS485B2 Pin=Ptr1-3
Added Pin To Net: NetName=RS485A2 Pin=Ptr1-4
Added Pin To Net: NetName=GND Pin=Ptr2-1
Added Pin To Net: NetName=NetDn2_2 Pin=Ptr2-2
Added Pin To Net: NetName=RS485B1 Pin=Ptr2-3
Added Pin To Net: NetName=RS485A1 Pin=Ptr2-4
Added Pin To Net: NetName=DIO3 Pin=Pulr1-1
Added Pin To Net: NetName=DIO2 Pin=Pulr1-2
Added Pin To Net: NetName=DIO1 Pin=Pulr1-3
Added Pin To Net: NetName=DIO0 Pin=Pulr1-4
Added Pin To Net: NetName=RST Pin=Pulr1-5
Added Pin To Net: NetName=VCCpl Pin=Pulr1-6
Added Pin To Net: NetName=GND Pin=Pulr1-7
Added Pin To Net: NetName=GND Pin=Pulr1-8
Added Pin To Net: NetName=DIO5 Pin=Pulr2-6
Added Pin To Net: NetName=NetPulr2_7 Pin=Pulr2-7
Added Pin To Net: NetName=+24 Pin=R5-1
Added Pin To Net: NetName=NetR5_2 Pin=R5-2
Added Pin To Net: NetName=VCC Pin=R6-1
Added Pin To Net: NetName=NetC1_2 Pin=R6-2
Added Pin To Net: NetName=GND Pin=R7-1
Added Pin To Net: NetName=NetR5_2 Pin=R7-2
Added Pin To Net: NetName=GND Pin=R8-1
Added Pin To Net: NetName=NetC1_2 Pin=R8-2
Added Pin To Net: NetName=GND Pin=R9-1
Added Pin To Net: NetName=NetC1_2 Pin=R9-2
Added Pin To Net: NetName=COM Pin=RL?-1
Added Pin To Net: NetName=NetPrl?_1 Pin=RL?-2
Added Pin To Net: NetName=NetPrl?_3 Pin=RL?-3
Added Pin To Net: NetName=NetDrl1_1 Pin=RL?-4
Added Pin To Net: NetName=VCC5 Pin=RL?-5
Added Pin To Net: NetName=NetRn1_1 Pin=Rn1-1
Added Pin To Net: NetName=GND Pin=Rn1-2
Added Pin To Net: NetName=PowEn2 Pin=Rn2-1
Added Pin To Net: NetName=NetRn1_1 Pin=Rn2-2
Added Pin To Net: NetName=NetRn3_1 Pin=Rn3-1
Added Pin To Net: NetName=VCCpll Pin=Rn3-2
Added Pin To Net: NetName=NetRn4_1 Pin=Rn4-1
Added Pin To Net: NetName=NetRn4_2 Pin=Rn4-2
Added Pin To Net: NetName=PowEn1 Pin=Rn5-1
Added Pin To Net: NetName=NetRn3_1 Pin=Rn5-2
Added Pin To Net: NetName=+24 Pin=Rn6-1
Added Pin To Net: NetName=NetRn4_2 Pin=Rn6-2
Added Pin To Net: NetName=+24 Pin=Rn7-1
Added Pin To Net: NetName=NetRn4_2 Pin=Rn7-2
Added Pin To Net: NetName=PowEn3 Pin=Rn8-1
Added Pin To Net: NetName=NetRn8_2 Pin=Rn8-2
Added Pin To Net: NetName=NetRn8_2 Pin=Rn9-1
Added Pin To Net: NetName=VCC Pin=Rn9-2
Added Pin To Net: NetName=RS485A2 Pin=Rptr1-1
Added Pin To Net: NetName=NetRptr1_2 Pin=Rptr1-2
Added Pin To Net: NetName=RS485B2 Pin=Rptr2-1
Added Pin To Net: NetName=NetRptr2_2 Pin=Rptr2-2
Added Pin To Net: NetName=RS485A1 Pin=Rptr3-1
Added Pin To Net: NetName=NetRptr3_2 Pin=Rptr3-2
Added Pin To Net: NetName=RS485B1 Pin=Rptr4-1
Added Pin To Net: NetName=NetRptr4_2 Pin=Rptr4-2
Added Pin To Net: NetName=NetLtr1_1 Pin=Rre-1
Added Pin To Net: NetName=NetJPtr_2 Pin=Rre-2
Added Pin To Net: NetName=OUT Pin=Rre?-1
Added Pin To Net: NetName=VCCpl Pin=Rre?-2
Added Pin To Net: NetName=RL Pin=Rrl1-1
Added Pin To Net: NetName=NetRrl1_2 Pin=Rrl1-2
Added Pin To Net: NetName=NetDrl2_1 Pin=Rrl2-1
Added Pin To Net: NetName=VCC5 Pin=Rrl2-2
Added Pin To Net: NetName=NetD?_1 Pin=Rrl3-1
Added Pin To Net: NetName=VCC5 Pin=Rrl3-2
Added Pin To Net: NetName=NetRtr1_1 Pin=Rtr1-1
Added Pin To Net: NetName=NetJPtr_1 Pin=Rtr1-2
Added Pin To Net: NetName=NetRn1_1 Pin=Tn1-1
Added Pin To Net: NetName=GND Pin=Tn1-2
Added Pin To Net: NetName=NetRn4_1 Pin=Tn1-3
Added Pin To Net: NetName=NetRn4_2 Pin=Tn2-1
Added Pin To Net: NetName=Vsen1 Pin=Tn2-2
Added Pin To Net: NetName=+24 Pin=Tn2-3
Added Pin To Net: NetName=NetRn3_1 Pin=Tn4-1
Added Pin To Net: NetName=VCCpll Pin=Tn4-2
Added Pin To Net: NetName=VCCpl Pin=Tn4-3
Added Pin To Net: NetName=NetRrl1_2 Pin=Tn5-1
Added Pin To Net: NetName=NetDrl1_1 Pin=Tn5-2
Added Pin To Net: NetName=GND Pin=Tn5-3
Added Pin To Net: NetName=NetRtr1_1 Pin=Tn6-1
Added Pin To Net: NetName=NetLtr1_2 Pin=Tn6-2
Added Pin To Net: NetName=NetJPtr_3 Pin=Tn6-3
Added Pin To Net: NetName=NetRn8_2 Pin=Tn?-1
Added Pin To Net: NetName=VCC Pin=Tn?-2
Added Pin To Net: NetName=VCC5 Pin=Tn?-3
Added Pin To Net: NetName=DTR Pin=U1-JP1_1
Added Pin To Net: NetName=U1TX Pin=U1-JP1_2
Added Pin To Net: NetName=U1RX Pin=U1-JP1_3
Added Pin To Net: NetName=VCC Pin=U1-JP1_4
Added Pin To Net: NetName=GND Pin=U1-JP1_5
Added Pin To Net: NetName=GND Pin=U1-JP1_6
Added Pin To Net: NetName=SDA Pin=U1-JP2_1
Added Pin To Net: NetName=SCL Pin=U1-JP2_2
Added Pin To Net: NetName=OUT Pin=U1-JP3_1
Added Pin To Net: NetName=TX Pin=U1-JP3_2
Added Pin To Net: NetName=RAW Pin=U1-JP6_1
Added Pin To Net: NetName=GND Pin=U1-JP6_2
Added Pin To Net: NetName=RL Pin=U1-JP6_3
Added Pin To Net: NetName=VCC1 Pin=U1-JP6_4
Added Pin To Net: NetName=PowEn3 Pin=U1-JP6_5
Added Pin To Net: NetName=INT Pin=U1-JP6_6
Added Pin To Net: NetName=A Pin=U1-JP6_7
Added Pin To Net: NetName=Po Pin=U1-JP6_8
Added Pin To Net: NetName=SCK Pin=U1-JP6_9
Added Pin To Net: NetName=MISO Pin=U1-JP6_10
Added Pin To Net: NetName=MOSI Pin=U1-JP6_11
Added Pin To Net: NetName=NSS Pin=U1-JP6_12
Added Pin To Net: NetName=RST Pin=U1-JP7_1
Added Pin To Net: NetName=D8 Pin=U1-JP7_2
Added Pin To Net: NetName=D7 Pin=U1-JP7_3
Added Pin To Net: NetName=U1EN Pin=U1-JP7_4
Added Pin To Net: NetName=PowEn1 Pin=U1-JP7_5
Added Pin To Net: NetName=PowEn2 Pin=U1-JP7_6
Added Pin To Net: NetName=U2ENo Pin=U1-JP7_7
Added Pin To Net: NetName=DIO0 Pin=U1-JP7_8
Added Pin To Net: NetName=GND Pin=U1-JP7_9
Added Pin To Net: NetName=RST2 Pin=U1-JP7_10
Added Pin To Net: NetName=U2RXo Pin=U1-JP7_11
Added Pin To Net: NetName=U2TXo Pin=U1-JP7_12
Added Pin To Net: NetName=U2RXo Pin=U-11
Added Pin To Net: NetName=RST2 Pin=U-12
Added Pin To Net: NetName=DIO0 Pin=U-A0
Added Pin To Net: NetName=U2ENo Pin=U-A1
Added Pin To Net: NetName=PowEn2 Pin=U-A2
Added Pin To Net: NetName=PowEn1 Pin=U-A3
Added Pin To Net: NetName=D8 Pin=U-GND
Added Pin To Net: NetName=D8 Pin=U-GND
Added Pin To Net: NetName=D8 Pin=U-GND
Added Pin To Net: NetName=D8 Pin=U-GND
Added Pin To Net: NetName=RST Pin=U-RAW
Added Pin To Net: NetName=D7 Pin=U-RST
Added Pin To Net: NetName=D7 Pin=U-RST
Added Pin To Net: NetName=D7 Pin=U-RST
Added Pin To Net: NetName=U1EN Pin=U-VCC
Added Pin To Net: NetName=U1EN Pin=U-VCC
Added Pin To Net: NetName=U1EN Pin=U-VCC
Added Pin To Net: NetName=U2TXo Pin=U-VCC
Added Pin To Net: NetName=U2TXo Pin=U-VCC
Added Pin To Net: NetName=U2TXo Pin=U-VCC
Added Pin To Net: NetName=GND Pin=Ulr-1
Added Pin To Net: NetName=GND Pin=Ulr-2
Added Pin To Net: NetName=VCCpl Pin=Ulr-3
Added Pin To Net: NetName=RST Pin=Ulr-4
Added Pin To Net: NetName=DIO0 Pin=Ulr-5
Added Pin To Net: NetName=DIO1 Pin=Ulr-6
Added Pin To Net: NetName=DIO2 Pin=Ulr-7
Added Pin To Net: NetName=DIO3 Pin=Ulr-8
Added Pin To Net: NetName=GND Pin=Ulr-9
Added Pin To Net: NetName=NetPulr2_7 Pin=Ulr-10
Added Pin To Net: NetName=DIO5 Pin=Ulr-11
Added Pin To Net: NetName=SCK Pin=Ulr-12
Added Pin To Net: NetName=MISO Pin=Ulr-13
Added Pin To Net: NetName=MOSI Pin=Ulr-14
Added Pin To Net: NetName=NSS Pin=Ulr-15
Added Pin To Net: NetName=GND Pin=Ulr-16
Added Pin To Net: NetName=NetCbst1_1 Pin=Un1-1
Added Pin To Net: NetName=GND Pin=Un1-2
Added Pin To Net: NetName=NetC1_2 Pin=Un1-3
Added Pin To Net: NetName=NetR5_2 Pin=Un1-4
Added Pin To Net: NetName=+24 Pin=Un1-5
Added Pin To Net: NetName=swpo1 Pin=Un1-6
Added Pin To Net: NetName=U2RXo Pin=Utr1-1
Added Pin To Net: NetName=U2ENo Pin=Utr1-2
Added Pin To Net: NetName=U2ENo Pin=Utr1-3
Added Pin To Net: NetName=U2TXo Pin=Utr1-4
Added Pin To Net: NetName=GND Pin=Utr1-5
Added Pin To Net: NetName=NetRptr1_2 Pin=Utr1-6
Added Pin To Net: NetName=NetRptr2_2 Pin=Utr1-7
Added Pin To Net: NetName=VCCpl Pin=Utr1-8
Added Pin To Net: NetName=U1RX Pin=Utr2-1
Added Pin To Net: NetName=U1EN Pin=Utr2-2
Added Pin To Net: NetName=U1EN Pin=Utr2-3
Added Pin To Net: NetName=U1TX Pin=Utr2-4
Added Pin To Net: NetName=GND Pin=Utr2-5
Added Pin To Net: NetName=NetRptr3_2 Pin=Utr2-6
Added Pin To Net: NetName=NetRptr4_2 Pin=Utr2-7
Added Pin To Net: NetName=VCCpl Pin=Utr2-8
Added Pin To Net: NetName=A4 Pin=P4-4
Added Net: Name=A4
Added Pin To Net: NetName=A5 Pin=P4-5
Added Net: Name=A5
Added Pin To Net: NetName=NetP1_9 Pin=P1-9
Added Pin To Net: NetName=NetP1_9 Pin=U-13
Added Net: Name=NetP1_9
Added Pin To Net: NetName=NetP2_1 Pin=P2-1
Added Pin To Net: NetName=NetP2_1 Pin=U-9
Added Net: Name=NetP2_1
Added Pin To Net: NetName=NetP2_2 Pin=P2-2
Added Pin To Net: NetName=NetP2_2 Pin=U-8
Added Net: Name=NetP2_2
Added Pin To Net: NetName=NetP2_3 Pin=P2-3
Added Pin To Net: NetName=NetP2_3 Pin=U-7
Added Net: Name=NetP2_3
Added Pin To Net: NetName=NetP2_4 Pin=P2-4
Added Pin To Net: NetName=NetP2_4 Pin=U-6
Added Net: Name=NetP2_4
Added Pin To Net: NetName=NetP2_5 Pin=P2-5
Added Pin To Net: NetName=NetP2_5 Pin=U-5
Added Net: Name=NetP2_5
Added Pin To Net: NetName=NetP2_6 Pin=P2-6
Added Pin To Net: NetName=NetP2_6 Pin=U-4
Added Net: Name=NetP2_6
Added Pin To Net: NetName=NetP2_7 Pin=P2-7
Added Pin To Net: NetName=NetP2_7 Pin=U-3
Added Pin To Net: NetName=NetP2_7 Pin=U-3
Added Net: Name=NetP2_7
Added Pin To Net: NetName=NetP2_8 Pin=P2-8
Added Pin To Net: NetName=NetP2_8 Pin=U-2
Added Pin To Net: NetName=NetP2_8 Pin=U-2
Added Net: Name=NetP2_8
Added Pin To Net: NetName=NetP2_9 Pin=P2-9
Added Pin To Net: NetName=NetP2_9 Pin=U-GND
Added Pin To Net: NetName=NetP2_9 Pin=U-GND
Added Pin To Net: NetName=NetP2_9 Pin=U-GND
Added Pin To Net: NetName=NetP2_9 Pin=U-GND
Added Net: Name=NetP2_9
Added Pin To Net: NetName=NetP2_10 Pin=P2-10
Added Pin To Net: NetName=NetP2_10 Pin=U-RST
Added Pin To Net: NetName=NetP2_10 Pin=U-RST
Added Pin To Net: NetName=NetP2_10 Pin=U-RST
Added Net: Name=NetP2_10
Added Pin To Net: NetName=NetP2_11 Pin=P2-11
Added Pin To Net: NetName=NetP2_11 Pin=U-RX
Added Pin To Net: NetName=NetP2_11 Pin=U-RX
Added Net: Name=NetP2_11
Added Pin To Net: NetName=NetP2_12 Pin=P2-12
Added Pin To Net: NetName=NetP2_12 Pin=U-TX
Added Pin To Net: NetName=NetP2_12 Pin=U-TX
Added Net: Name=NetP2_12
Added Member To Class: ClassName=Sheet1 Member=Component C1 100pF
Added Member To Class: ClassName=Sheet1 Member=Component Ca1 CAP
Added Member To Class: ClassName=Sheet1 Member=Component Ca2 CAP
Added Member To Class: ClassName=Sheet1 Member=Component Ca3 CAP
Added Member To Class: ClassName=Sheet1 Member=Component Ca4 CAP
Added Member To Class: ClassName=Sheet1 Member=Component Ca5 CAP
Added Member To Class: ClassName=Sheet1 Member=Component Ca6 CAP
Added Member To Class: ClassName=Sheet1 Member=Component Ca7 CAP
Added Member To Class: ClassName=Sheet1 Member=Component Ca8 CAP
Added Member To Class: ClassName=Sheet1 Member=Component Ca9 CAP
Added Member To Class: ClassName=Sheet1 Member=Component Cbst1 Cap
Added Member To Class: ClassName=Sheet1 Member=Component Cha1 0.47uF
Added Member To Class: ClassName=Sheet1 Member=Component Cha2 0.33uF
Added Member To Class: ClassName=Sheet1 Member=Component Cn1 104
Added Member To Class: ClassName=Sheet1 Member=Component Cn2 CAP
Added Member To Class: ClassName=Sheet1 Member=Component Cn3 CAP
Added Member To Class: ClassName=Sheet1 Member=Component Cn4 104
Added Member To Class: ClassName=Sheet1 Member=Component cn5 CAP
Added Member To Class: ClassName=Sheet1 Member=Component Cn6 CAPACITOR
Added Member To Class: ClassName=Sheet1 Member=Component Cn7 CAP
Added Member To Class: ClassName=Sheet1 Member=Component Cn8 CAP
Added Member To Class: ClassName=Sheet1 Member=Component Cn16 CAP
Added Member To Class: ClassName=Sheet1 Member=Component D? LED3
Added Member To Class: ClassName=Sheet1 Member=Component Dbv1 DIODE
Added Member To Class: ClassName=Sheet1 Member=Component Dn1 Diode
Added Member To Class: ClassName=Sheet1 Member=Component Dn2 Diode
Added Member To Class: ClassName=Sheet1 Member=Component DN3 DIODE
Added Member To Class: ClassName=Sheet1 Member=Component Dnb1 Diode
Added Member To Class: ClassName=Sheet1 Member=Component Drl1 Diode
Added Member To Class: ClassName=Sheet1 Member=Component Drl2 LED3
Added Member To Class: ClassName=Sheet1 Member=Component F2 FUSE1
Added Member To Class: ClassName=Sheet1 Member=Component H1 Header 3P 2.54 Duc Thang
Added Member To Class: ClassName=Sheet1 Member=Component H2 Header 6P 2.54 Duc Thang
Added Member To Class: ClassName=Sheet1 Member=Component H3 Header 5P 2.54 Duc Thang
Added Member To Class: ClassName=Sheet1 Member=Component H4 Header 4P 2.54 Duc Thang
Added Member To Class: ClassName=Sheet1 Member=Component Jn1 CON3
Added Member To Class: ClassName=Sheet1 Member=Component Jn DC -JACK
Added Member To Class: ClassName=Sheet1 Member=Component JP? JP 1x3 2.54
Added Member To Class: ClassName=Sheet1 Member=Component JPtr JP 1x3 2.54
Added Member To Class: ClassName=Sheet1 Member=Component Jre? TSOP1838
Added Member To Class: ClassName=Sheet1 Member=Component L1 Inductor
Added Member To Class: ClassName=Sheet1 Member=Component Lch1 INDUCTOR
Added Member To Class: ClassName=Sheet1 Member=Component Ltr1 LED 3mm
Added Member To Class: ClassName=Sheet1 Member=Component P1 Header 12
Added Member To Class: ClassName=Sheet1 Member=Component P2 Header 12
Added Member To Class: ClassName=Sheet1 Member=Component P3 Header 6
Added Member To Class: ClassName=Sheet1 Member=Component P4 Header 5
Added Member To Class: ClassName=Sheet1 Member=Component Pexlr nRF24L01
Added Member To Class: ClassName=Sheet1 Member=Component Prl? CON 3 EDG5.08
Added Member To Class: ClassName=Sheet1 Member=Component Ptr1 Header 4
Added Member To Class: ClassName=Sheet1 Member=Component Ptr2 Header 4
Added Member To Class: ClassName=Sheet1 Member=Component Pulr1 Header 8
Added Member To Class: ClassName=Sheet1 Member=Component Pulr2 Header 8
Added Member To Class: ClassName=Sheet1 Member=Component R5 Res1
Added Member To Class: ClassName=Sheet1 Member=Component R6 Res1
Added Member To Class: ClassName=Sheet1 Member=Component R7 Res1
Added Member To Class: ClassName=Sheet1 Member=Component R8 Res1
Added Member To Class: ClassName=Sheet1 Member=Component R9 Res1
Added Member To Class: ClassName=Sheet1 Member=Component RL? Relay
Added Member To Class: ClassName=Sheet1 Member=Component Rn1 1k
Added Member To Class: ClassName=Sheet1 Member=Component Rn2 10k
Added Member To Class: ClassName=Sheet1 Member=Component Rn3 1k
Added Member To Class: ClassName=Sheet1 Member=Component Rn4 10k
Added Member To Class: ClassName=Sheet1 Member=Component Rn5 10k
Added Member To Class: ClassName=Sheet1 Member=Component Rn6 10k
Added Member To Class: ClassName=Sheet1 Member=Component Rn7 z10V
Added Member To Class: ClassName=Sheet1 Member=Component Rn8 10k
Added Member To Class: ClassName=Sheet1 Member=Component Rn9 1k
Added Member To Class: ClassName=Sheet1 Member=Component Rptr1 Res1
Added Member To Class: ClassName=Sheet1 Member=Component Rptr2 Res1
Added Member To Class: ClassName=Sheet1 Member=Component Rptr3 Res1
Added Member To Class: ClassName=Sheet1 Member=Component Rptr4 Res1
Added Member To Class: ClassName=Sheet1 Member=Component Rre? Res1
Added Member To Class: ClassName=Sheet1 Member=Component Rre Res1
Added Member To Class: ClassName=Sheet1 Member=Component Rrl1 Res1
Added Member To Class: ClassName=Sheet1 Member=Component Rrl2 Res1
Added Member To Class: ClassName=Sheet1 Member=Component Rrl3 Res1
Added Member To Class: ClassName=Sheet1 Member=Component Rtr1 10k
Added Member To Class: ClassName=Sheet1 Member=Component Tn1 c1815
Added Member To Class: ClassName=Sheet1 Member=Component Tn2 CON3
Added Member To Class: ClassName=Sheet1 Member=Component Tn4 ao3401
Added Member To Class: ClassName=Sheet1 Member=Component Tn5 ao3401
Added Member To Class: ClassName=Sheet1 Member=Component Tn6 ao3401
Added Member To Class: ClassName=Sheet1 Member=Component Tn? ao3401
Added Member To Class: ClassName=Sheet1 Member=Component U1 ARDUINO_PRO_MINI 3.3v
Added Member To Class: ClassName=Sheet1 Member=Component Ulr RA-02_LORA
Added Member To Class: ClassName=Sheet1 Member=Component Un1 AOZ1282CI
Added Member To Class: ClassName=Sheet1 Member=Component U
Added Member To Class: ClassName=Sheet1 Member=Component Utr1 DS75176B
Added Member To Class: ClassName=Sheet1 Member=Component Utr2 DS75176B
Added Room: Name=Sheet1
