Removed Pin From Net: NetName=U2RXo Pin=ARDUINO_MINI_PRO-11
Removed Pin From Net: NetName=U2ENo Pin=ARDUINO_MINI_PRO-A1
Removed Pin From Net: NetName=RST Pin=ARDUINO_MINI_PRO-RAW
Removed Pin From Net: NetName=U1EN Pin=ARDUINO_MINI_PRO-VCC
Removed Pin From Net: NetName=U1EN Pin=ARDUINO_MINI_PRO-VCC
Removed Pin From Net: NetName=RST Pin=P1-1
Removed Pin From Net: NetName=U1EN Pin=P1-4
Removed Pin From Net: NetName=U2ENo Pin=P1-7
Removed Pin From Net: NetName=U2RXo Pin=P1-11
Removed Pin From Net: NetName=U2TXo Pin=P1-12
Added Pin To Net: NetName=MOSI Pin=ARDUINO_MINI_PRO-11
Added Pin To Net: NetName=MISO Pin=ARDUINO_MINI_PRO-12
Added Pin To Net: NetName=SCK Pin=ARDUINO_MINI_PRO-13
Added Pin To Net: NetName=RST Pin=ARDUINO_MINI_PRO-A1
Added Pin To Net: NetName=NetARDUINO_MINI_PRO_GND Pin=ARDUINO_MINI_PRO-GND
Added Pin To Net: NetName=NetARDUINO_MINI_PRO_GND Pin=ARDUINO_MINI_PRO-GND
Added Pin To Net: NetName=NetARDUINO_MINI_PRO_GND Pin=ARDUINO_MINI_PRO-GND
Added Pin To Net: NetName=NetARDUINO_MINI_PRO_GND Pin=ARDUINO_MINI_PRO-GND
Added Pin To Net: NetName=NetARDUINO_MINI_PRO_GND Pin=ARDUINO_MINI_PRO-GND
Added Pin To Net: NetName=U1EN Pin=ARDUINO_MINI_PRO-RST
Added Pin To Net: NetName=U1EN Pin=ARDUINO_MINI_PRO-RST
Added Pin To Net: NetName=U2RXo Pin=ARDUINO_MINI_PRO-RX
Added Pin To Net: NetName=U2RXo Pin=ARDUINO_MINI_PRO-RX
Added Pin To Net: NetName=U2TXo Pin=ARDUINO_MINI_PRO-TX
Added Pin To Net: NetName=U2TXo Pin=ARDUINO_MINI_PRO-TX
Added Pin To Net: NetName=NetARDUINO_MINI_PRO_VCC Pin=ARDUINO_MINI_PRO-VCC
Added Pin To Net: NetName=NetARDUINO_MINI_PRO_VCC Pin=ARDUINO_MINI_PRO-VCC
Added Pin To Net: NetName=NSS Pin=ARDUINO_MINI_PRO-VCC
Added Pin To Net: NetName=NSS Pin=ARDUINO_MINI_PRO-VCC
Added Pin To Net: NetName=PowEn3 Pin=ARDUINO_MINI_PRO-VCC
Added Pin To Net: NetName=PowEn3 Pin=ARDUINO_MINI_PRO-VCC
Added Pin To Net: NetName=PowEn3 Pin=P1-4
Added Pin To Net: NetName=RST Pin=P1-7
Added Pin To Net: NetName=SCK Pin=P1-9
Added Pin To Net: NetName=MISO Pin=P1-10
Added Pin To Net: NetName=MOSI Pin=P1-11
Added Pin To Net: NetName=NSS Pin=P1-12
Added Pin To Net: NetName=U1EN Pin=P2-10
Change Net Name : Old Net Name=D7 New Net Name=NetARDUINO_MINI_PRO_RST
Add Net: Net with name "NetARDUINO_MINI_PRO_GND" already exists
Added Pin To Net: NetName=NetARDUINO_MINI_PRO_RAW Pin=ARDUINO_MINI_PRO-RAW
Added Pin To Net: NetName=NetARDUINO_MINI_PRO_RAW Pin=P1-1
Added Net: Name=NetARDUINO_MINI_PRO_RAW
Added Room: Name=Sheet1
