Removed Pin From Net: NetName=VCC Pin=C?-1
Removed Pin From Net: NetName=NetC?_2 Pin=C?-2
Removed Pin From Net: NetName=swpo1 Pin=L?-1
Removed Pin From Net: NetName=VCC Pin=L?-2
Remove Pin from Net: Failed to remove Pin
Add Component: Footprint Not Found 0805
Add Component: Footprint Not Found 0805c
Add Component: Footprint Not Found 0805
Add Component: Footprint Not Found 0805
Add Component: Footprint Not Found Sma
Add Component: Footprint Not Found IND_SPR06xe
Add Component: Footprint Not Found 0805c
Add Component: Footprint Not Found 0805c
Add Component: Footprint Not Found 0805c
Add Component: Footprint Not Found 0805c
Add Component: Footprint Not Found 0805c
Add Component: Footprint Not Found 0805c
Add Component: Footprint Not Found 0805c
Added Pin To Net: NetName=VCC Pin=C?-1
Added Pin To Net: NetName=NetC?_2 Pin=C?-2
Add Pin To Net: Unknown Pin: Pin Cbst?-1
Add Pin To Net: Unknown Pin: Pin Cbst?-2
Add Pin To Net: Unknown Pin: Pin Cn?-1
Add Pin To Net: Unknown Pin: Pin Cn?-1
Add Pin To Net: Unknown Pin: Pin Cn?-2
Add Pin To Net: Unknown Pin: Pin Cn?-2
Add Pin To Net: Unknown Pin: Pin Dnb?-1
Add Pin To Net: Unknown Pin: Pin Dnb?-2
Added Pin To Net: NetName=swpo1 Pin=L?-1
Added Pin To Net: NetName=VCC Pin=L?-2
Add Pin To Net: Unknown Pin: Pin R?-1
Add Pin To Net: Unknown Pin: Pin R?-1
Add Pin To Net: Unknown Pin: Pin R?-1
Add Pin To Net: Unknown Pin: Pin R?-1
Add Pin To Net: Unknown Pin: Pin R?-1
Add Pin To Net: Unknown Pin: Pin R?-2
Add Pin To Net: Unknown Pin: Pin R?-2
Add Pin To Net: Unknown Pin: Pin R?-2
Add Pin To Net: Unknown Pin: Pin R?-2
Add Pin To Net: Unknown Pin: Pin R?-2
Add Pin To Net: Unknown Pin: Pin Rn?-1
Add Pin To Net: Unknown Pin: Pin Rn?-1
Add Pin To Net: Unknown Pin: Pin Rn?-2
Add Pin To Net: Unknown Pin: Pin Rn?-2
Add Pin To Net: Unknown Pin: Pin U?-21
Added Member To Class: ClassName=Sheet1 Member=Component C? JP4x2-2.0
Added Member To Class: ClassName=Sheet1 Member=Component C? Header4
Added Member To Class: ClassName=Sheet1 Member=Component C? JP4
Added Member To Class: ClassName=Sheet1 Member=Component C? JP3
Add Class Member: Failed to add class member : Component Cbst? Cap
Add Class Member: Failed to add class member : Component Cn? CAP
Add Class Member: Failed to add class member : Component Cn? CAP
Add Class Member: Failed to add class member : Component Dnb? Diode
Added Member To Class: ClassName=Sheet1 Member=Component L? LED 3mm
Add Class Member: Failed to add class member : Component R? Res1
Add Class Member: Failed to add class member : Component R? Res1
Add Class Member: Failed to add class member : Component R? Res1
Add Class Member: Failed to add class member : Component R? Res1
Add Class Member: Failed to add class member : Component R? Res1
Add Class Member: Failed to add class member : Component Rn? 10k
Add Class Member: Failed to add class member : Component Rn? 1k
Added Member To Class: ClassName=Sheet1 Member=Component Tn? ao3401
Added Member To Class: ClassName=Sheet1 Member=Component U? RA-02_LORA
Added Member To Class: ClassName=Sheet1 Member=Component U? SCD40-D-R2
Added Member To Class: ClassName=Sheet1 Member=Component Un? AOZ1282CI
