Change Component Designator: Old Designator=C? New Designator=C1
Change Component Designator: Old Designator=C? New Designator=C2
Change Component Designator: Old Designator=C? New Designator=C3
Change Component Designator: Old Designator=Ca? New Designator=Ca1
Change Component Designator: Old Designator=Cbst? New Designator=Cbst1
Change Component Designator: Old Designator=Cn? New Designator=Cn1
Change Component Designator: Old Designator=Cn? New Designator=Cn2
Change Component Designator: Old Designator=Cn? New Designator=Cn3
Change Component Designator: Old Designator=Dn? New Designator=Dn1
Change Component Designator: Old Designator=Dn? New Designator=Dn2
Change Component Designator: Old Designator=Dnb? New Designator=Dnb1
Change Component Designator: Old Designator=Jlt? New Designator=Jlt1
Change Component Designator: Old Designator=L? New Designator=L1
Change Component Designator: Old Designator=P? New Designator=P1
Change Component Designator: Old Designator=P? New Designator=P2
Change Component Designator: Old Designator=P? New Designator=P3
Change Component Designator: Old Designator=Pu? New Designator=Pu1
Change Component Designator: Old Designator=Pu? New Designator=Pu2
Change Component Designator: Old Designator=Pu? New Designator=Pu3
Change Component Designator: Old Designator=R? New Designator=R1
Change Component Designator: Old Designator=R? New Designator=R2
Change Component Designator: Old Designator=R? New Designator=R3
Change Component Designator: Old Designator=R? New Designator=R4
Change Component Designator: Old Designator=R? New Designator=R5
Change Component Designator: Old Designator=R? New Designator=R6
Change Component Designator: Old Designator=R? New Designator=R7
Change Component Designator: Old Designator=R? New Designator=R8
Change Component Designator: Old Designator=R? New Designator=R9
Change Component Designator: Old Designator=Rmclr? New Designator=Rmclr1
Change Component Designator: Old Designator=Rn? New Designator=Rn1
Change Component Designator: Old Designator=Rn? New Designator=Rn2
Change Component Designator: Old Designator=Rn? New Designator=Rn3
Change Component Designator: Old Designator=Rn? New Designator=Rn4
Change Component Designator: Old Designator=Rn? New Designator=Rn5
Change Component Designator: Old Designator=U? New Designator=U1
Change Component Designator: Old Designator=Un? New Designator=Un1
Change Component Designator: Old Designator=Utr? New Designator=Utr1
Change Component Designator: Old Designator=Utr? New Designator=Utr2
