Change Component Designator: Old Designator=Ca? New Designator=Ca1
Change Component Designator: Old Designator=Cn? New Designator=Cn2
Change Component Designator: Old Designator=Dn? New Designator=Dn1
Change Component Designator: Old Designator=Dn? New Designator=Dn2
Change Component Designator: Old Designator=Jn? New Designator=Jn1
Change Component Designator: Old Designator=Ptr? New Designator=Ptr1
Change Component Designator: Old Designator=Ptr? New Designator=Ptr2
Change Component Designator: Old Designator=Rn? New Designator=Rn1
Change Component Designator: Old Designator=Rn? New Designator=Rn2
Change Component Designator: Old Designator=Rn? New Designator=Rn3
Change Component Designator: Old Designator=Rn? New Designator=Rn4
Change Component Designator: Old Designator=Rn? New Designator=Rn5
Change Component Designator: Old Designator=Rn? New Designator=Rn6
Change Component Designator: Old Designator=Rn? New Designator=Rn7
Change Component Designator: Old Designator=Rptr? New Designator=Rptr1
Change Component Designator: Old Designator=Rptr? New Designator=Rptr2
Change Component Designator: Old Designator=Rptr? New Designator=Rptr3
Change Component Designator: Old Designator=Rptr? New Designator=Rptr4
Change Component Designator: Old Designator=Utr? New Designator=Utr1
Change Component Designator: Old Designator=Utr? New Designator=Utr2
