Change Component Designator: Old Designator=C? New Designator=C1
Change Component Designator: Old Designator=Cbst? New Designator=Cbst1
Change Component Designator: Old Designator=Cn? New Designator=Cn4
Change Component Designator: Old Designator=cn? New Designator=cn5
Change Component Designator: Old Designator=Cn? New Designator=Cn6
Change Component Designator: Old Designator=Cn? New Designator=Cn7
Change Component Designator: Old Designator=Cn? New Designator=Cn8
Change Component Designator: Old Designator=Dbv? New Designator=Dbv1
Change Component Designator: Old Designator=DN? New Designator=DN3
Change Component Designator: Old Designator=Dnb? New Designator=Dnb1
Change Component Designator: Old Designator=F? New Designator=F1
Change Component Designator: Old Designator=F? New Designator=F2
Change Component Designator: Old Designator=L? New Designator=L1
Change Component Designator: Old Designator=Lch? New Designator=Lch1
Change Component Designator: Old Designator=R? New Designator=R5
Change Component Designator: Old Designator=R? New Designator=R6
Change Component Designator: Old Designator=R? New Designator=R7
Change Component Designator: Old Designator=R? New Designator=R8
Change Component Designator: Old Designator=R? New Designator=R9
Change Component Designator: Old Designator=Un? New Designator=Un1
