Removed Pin From Net: NetName=VCC Pin=C?-1
Removed Pin From Net: NetName=swpo1 Pin=L?-1
Removed Pin From Net: NetName=VCC Pin=L?-2
Remove Pin from Net: Failed to remove Pin
Change Component Designator: OldDesignator=Un? NewDesignator=Un1
Add Component: Footprint Not Found 0805
Add Component: Footprint Not Found 0805c
Add Component: Footprint Not Found 0805
Add Component: Footprint Not Found 0805
Add Component: Footprint Not Found Sma
Add Component: Footprint Not Found IND_SPR06xe
Add Component: Footprint Not Found 0805c
Add Component: Footprint Not Found 0805c
Add Component: Footprint Not Found 0805c
Add Component: Footprint Not Found 0805c
Add Component: Footprint Not Found 0805c
Add Component: Footprint Not Found 0805c
Add Component: Footprint Not Found 0805c
Add Pin To Net: Unknown Pin: Pin C1-1
Add Pin To Net: Unknown Pin: Pin Cbst1-2
Add Pin To Net: Unknown Pin: Pin Cn1-1
Add Pin To Net: Unknown Pin: Pin Cn1-2
Add Pin To Net: Unknown Pin: Pin Cn?-1
Add Pin To Net: Unknown Pin: Pin Cn?-2
Add Pin To Net: Unknown Pin: Pin Dnb1-1
Add Pin To Net: Unknown Pin: Pin Dnb1-2
Add Pin To Net: Unknown Pin: Pin L1-1
Add Pin To Net: Unknown Pin: Pin L1-2
Add Pin To Net: Unknown Pin: Pin R1-1
Add Pin To Net: Unknown Pin: Pin R2-1
Add Pin To Net: Unknown Pin: Pin R3-1
Add Pin To Net: Unknown Pin: Pin R4-1
Add Pin To Net: Unknown Pin: Pin R5-1
Add Pin To Net: Unknown Pin: Pin Rn1-1
Add Pin To Net: Unknown Pin: Pin Rn2-2
Add Pin To Net: Unknown Pin: Pin U?-21
Added Pin To Net: NetName=NetC1_2 Pin=Un1-3
Added Net: Name=NetC1_2
Added Pin To Net: NetName=NetCbst1_1 Pin=Un1-1
Added Net: Name=NetCbst1_1
Added Pin To Net: NetName=NetR1_2 Pin=Un1-4
Added Net: Name=NetR1_2
Added Pin To Net: NetName=NetRn1_2 Pin=Tn?-1
Added Net: Name=NetRn1_2
Add Class Member: Failed to add class member : Component C1 Cap
Added Member To Class: ClassName=Sheet1 Member=Component C? JP4
Added Member To Class: ClassName=Sheet1 Member=Component C? JP3
Added Member To Class: ClassName=Sheet1 Member=Component C? Header4
Add Class Member: Failed to add class member : Component Cbst1 Cap
Add Class Member: Failed to add class member : Component Cn1 CAP
Add Class Member: Failed to add class member : Component Cn? CAP
Add Class Member: Failed to add class member : Component Dnb1 Diode
Add Class Member: Failed to add class member : Component L1 Inductor
Add Class Member: Failed to add class member : Component R1 Res1
Add Class Member: Failed to add class member : Component R2 Res1
Add Class Member: Failed to add class member : Component R3 Res1
Add Class Member: Failed to add class member : Component R4 Res1
Add Class Member: Failed to add class member : Component R5 Res1
Add Class Member: Failed to add class member : Component Rn1 10k
Add Class Member: Failed to add class member : Component Rn2 1k
Added Member To Class: ClassName=Sheet1 Member=Component U? RA-02_LORA
Added Member To Class: ClassName=Sheet1 Member=Component U? SCD40-D-R2
