Removed Pin From Net: NetName=VCCpl Pin=C1-1
Removed Pin From Net: NetName=GND Pin=C1-2
Removed Pin From Net: NetName=VCCpl Pin=Rp1-2
Removed Pin From Net: NetName=VCCpl Pin=Rp-2
Removed Pin From Net: NetName=VDDpl Pin=Rp?-1
Removed Pin From Net: NetName=NetRp?_2 Pin=Rp?-2
Removed Pin From Net: NetName=Vbus Pin=Rp?-2
Removed Pin From Net: NetName=Vbus Pin=Rp?-2
Removed Pin From Net: NetName=GND Pin=U2-1
Removed Pin From Net: NetName=VDDpl Pin=U?-1
Removed Pin From Net: NetName=GND Pin=U?-2
Removed Pin From Net: NetName=GND Pin=U?-3
Removed Pin From Net: NetName=NetRp?_2 Pin=U?-5
Removed Member From Class: ClassName=Sheet1 Member=C1
Removed Member From Class: ClassName=Sheet1 Member=Rp1
Removed Member From Class: ClassName=Sheet1 Member=Rp
Added Component: Designator=C?(JP4-C1T)
Add component (AddParameter): Name = "ComponentLink1 Description"; Value = "Manufacturer"; VariantName = "[No Variations]"
Add component (AddParameter): Name = "ComponentLink1URL"; Value = "http://www.we-online.com"; VariantName = "[No Variations]"
Add component (AddParameter): Name = "ComponentLink2 Description"; Value = "Datasheet"; VariantName = "[No Variations]"
Add component (AddParameter): Name = "ComponentLink2URL"; Value = "http://katalog.we-online.de/em/datasheet/6130xx143121.pdf"; VariantName = "[No Variations]"
Add component (AddParameter): Name = "Created by"; Value = "Karrer Zheng"; VariantName = "[No Variations]"
Add component (AddParameter): Name = "Created Date"; Value = "29 March 2013"; VariantName = "[No Variations]"
Add component (AddParameter): Name = "Manufacturer"; Value = "W¨¹rth Elektronik eiSos GmbH"; VariantName = "[No Variations]"
Add component (AddParameter): Name = "NoPins"; Value = "04"; VariantName = "[No Variations]"
Add component (AddParameter): Name = "partNo"; Value = "613004143121"; VariantName = "[No Variations]"
Added Component: Designator=Rp?(tro smd 2512)
Add component (AddParameter): Name = "Chung_Loai"; Value = "Dán"; VariantName = "[No Variations]"
Add component (AddParameter): Name = "Don_Vi"; Value = "Con"; VariantName = "[No Variations]"
Add component (AddParameter): Name = "Kieu_Chan"; Value = ""; VariantName = "[No Variations]"
Add component (AddParameter): Name = "Ma_Hang"; Value = "MH003439"; VariantName = "[No Variations]"
Add component (AddParameter): Name = "So_Chan"; Value = "2"; VariantName = "[No Variations]"
Add component (AddParameter): Name = "Ten_Linh_Kien"; Value = "Tr? 2512 5% 103-10k 1W"; VariantName = "[No Variations]"
Added Component: Designator=Rp?(tro smd 2512)
Add component (AddParameter): Name = "Chung_Loai"; Value = "Dán"; VariantName = "[No Variations]"
Add component (AddParameter): Name = "Don_Vi"; Value = "Con"; VariantName = "[No Variations]"
Add component (AddParameter): Name = "Kieu_Chan"; Value = ""; VariantName = "[No Variations]"
Add component (AddParameter): Name = "Ma_Hang"; Value = "MH003439"; VariantName = "[No Variations]"
Add component (AddParameter): Name = "So_Chan"; Value = "2"; VariantName = "[No Variations]"
Add component (AddParameter): Name = "Ten_Linh_Kien"; Value = "Tr? 2512 5% 103-10k 1W"; VariantName = "[No Variations]"
Added Component: Designator=Rp?(tro smd 2512)
Add component (AddParameter): Name = "Chung_Loai"; Value = "Dán"; VariantName = "[No Variations]"
Add component (AddParameter): Name = "Don_Vi"; Value = "Con"; VariantName = "[No Variations]"
Add component (AddParameter): Name = "Kieu_Chan"; Value = ""; VariantName = "[No Variations]"
Add component (AddParameter): Name = "Ma_Hang"; Value = "MH003439"; VariantName = "[No Variations]"
Add component (AddParameter): Name = "So_Chan"; Value = "2"; VariantName = "[No Variations]"
Add component (AddParameter): Name = "Ten_Linh_Kien"; Value = "Tr? 2512 5% 103-10k 1W"; VariantName = "[No Variations]"
Added Component: Designator=U?(XDCR_TSL2561)
Add component (AddParameter): Name = "Check_prices"; Value = "https://www.snapeda.com/parts/TSL2561/ams/view-part/?ref=eda"; VariantName = "[No Variations]"
Add component (AddParameter): Name = "MF"; Value = "ams"; VariantName = "[No Variations]"
Add component (AddParameter): Name = "MP"; Value = "TSL2561"; VariantName = "[No Variations]"
Add component (AddParameter): Name = "Package"; Value = "SMD-6 TAOS"; VariantName = "[No Variations]"
Add component (AddParameter): Name = "SnapEDA_Link"; Value = "https://www.snapeda.com/parts/TSL2561/ams/view-part/?ref=snap"; VariantName = "[No Variations]"
Add component (AddParameter): Name = "Value"; Value = ""; VariantName = "[No Variations]"
Added Pin To Net: NetName=VCCpl Pin=C?-1
Added Pin To Net: NetName=GND Pin=C?-2
Added Pin To Net: NetName=VDDpl Pin=Rp?-1
Added Pin To Net: NetName=NetRp?_2 Pin=Rp?-2
Added Pin To Net: NetName=Vbus Pin=Rp?-2
Added Pin To Net: NetName=Vbus Pin=Rp?-2
Added Pin To Net: NetName=TX Pin=U1-3
Added Pin To Net: NetName=PowEn1 Pin=U1-5
Added Pin To Net: NetName=MOSI Pin=U1-17
Added Pin To Net: NetName=MISO Pin=U1-18
Added Pin To Net: NetName=SCK Pin=U1-19
Add Pin To Net: Unknown Pin: Pin U1-21
Added Pin To Net: NetName=OUT Pin=U1-23
Added Pin To Net: NetName=RS Pin=U1-24
Added Pin To Net: NetName=NSS Pin=U1-25
Added Pin To Net: NetName=DIO Pin=U1-26
Added Pin To Net: NetName=VDDpl Pin=U?-1
Added Pin To Net: NetName=GND Pin=U?-2
Added Pin To Net: NetName=GND Pin=U?-3
Added Pin To Net: NetName=NetRp?_2 Pin=U?-5
Add Net: Net with name "NetQ?_2" already exists
Added Pin To Net: NetName=RL Pin=P?-2
Added Pin To Net: NetName=RL Pin=R?-2
Added Pin To Net: NetName=RL Pin=U1-4
Added Net: Name=RL
Added Pin To Net: NetName=SCL Pin=C2-3
Added Pin To Net: NetName=SCL Pin=C?-3
Added Pin To Net: NetName=SCL Pin=Rp?-1
Added Pin To Net: NetName=SCL Pin=U1-9
Added Pin To Net: NetName=SCL Pin=U1-27
Added Net: Name=SCL
Added Pin To Net: NetName=SDA Pin=C2-4
Added Pin To Net: NetName=SDA Pin=C?-4
Added Pin To Net: NetName=SDA Pin=Rp?-1
Added Pin To Net: NetName=SDA Pin=U1-10
Added Pin To Net: NetName=SDA Pin=U1-28
Added Net: Name=SDA
Added Member To Class: ClassName=Sheet1 Member=Component C2 Cap
Added Member To Class: ClassName=Sheet1 Member=Component C3 Header4
Added Member To Class: ClassName=Sheet1 Member=Component C? JP4
Added Member To Class: ClassName=Sheet1 Member=Component C? JP3
Added Member To Class: ClassName=Sheet1 Member=Component C? 1uF
Added Member To Class: ClassName=Sheet1 Member=Component Q? S9015
Added Member To Class: ClassName=Sheet1 Member=Component R? 1k
Added Member To Class: ClassName=Sheet1 Member=Component R? 22k
Added Member To Class: ClassName=Sheet1 Member=Component R? 1k
Added Member To Class: ClassName=Sheet1 Member=Component R? 1k
Added Member To Class: ClassName=Sheet1 Member=Component R? 10R
Added Member To Class: ClassName=Sheet1 Member=Component R? 1k
Added Member To Class: ClassName=Sheet1 Member=Component R? Res5
Added Member To Class: ClassName=Sheet1 Member=Component Rp? 10k
Added Member To Class: ClassName=Sheet1 Member=Component Rp? 10k
Added Member To Class: ClassName=Sheet1 Member=Component U1 SCD40-D-R2
